[ 2016-08-05T14:06:19+08:00 ] 0.0.0.0 /cklDraw/api.php
INFO: [ app_begin ] --START--
INFO: ReadHtmlCache Behavior ::run [ RunTime:0.010141s ]
INFO: [ app_begin ] --END-- [ RunTime:0.010212s ]
INFO: [ view_parse ] --START--
INFO: ParseTemplate Behavior ::run [ RunTime:0.089242s ]
INFO: [ view_parse ] --END-- [ RunTime:0.089318s ]
INFO: [ view_filter ] --START--
NOTIC: [8] Use of undefined constant APP_TMPL_PATH - assumed 'APP_TMPL_PATH' D:\WWW\cklDraw\ThinkPHP\Lib\Behavior\ContentReplaceBehavior.class.php 第 40 行.
NOTIC: [8] Use of undefined constant APP_TMPL_PATH - assumed 'APP_TMPL_PATH' D:\WWW\cklDraw\ThinkPHP\Lib\Behavior\ContentReplaceBehavior.class.php 第 47 行.
INFO: ContentReplace Behavior ::run [ RunTime:0.008412s ]
INFO: TokenBuild Behavior ::run [ RunTime:0.009039s ]
INFO: WriteHtmlCache Behavior ::run [ RunTime:0.006743s ]
INFO: ShowRuntime Behavior ::run [ RunTime:0.009837s ]
INFO: [ view_filter ] --END-- [ RunTime:0.034203s ]
INFO: [ view_end ] --START--
INFO: ShowPageTrace Behavior ::run [ RunTime:0.007397s ]
INFO: [ view_end ] --END-- [ RunTime:0.007497s ]

[ 2016-08-05T14:06:23+08:00 ] 0.0.0.0 /cklDraw/api.php
INFO: [ app_begin ] --START--
INFO: ReadHtmlCache Behavior ::run [ RunTime:0.000655s ]
INFO: [ app_begin ] --END-- [ RunTime:0.000732s ]
INFO: [ view_parse ] --START--
INFO: ParseTemplate Behavior ::run [ RunTime:0.000826s ]
INFO: [ view_parse ] --END-- [ RunTime:0.000895s ]
INFO: [ view_filter ] --START--
NOTIC: [8] Use of undefined constant APP_TMPL_PATH - assumed 'APP_TMPL_PATH' D:\WWW\cklDraw\ThinkPHP\Lib\Behavior\ContentReplaceBehavior.class.php 第 40 行.
NOTIC: [8] Use of undefined constant APP_TMPL_PATH - assumed 'APP_TMPL_PATH' D:\WWW\cklDraw\ThinkPHP\Lib\Behavior\ContentReplaceBehavior.class.php 第 47 行.
INFO: ContentReplace Behavior ::run [ RunTime:0.000495s ]
INFO: TokenBuild Behavior ::run [ RunTime:0.000546s ]
INFO: WriteHtmlCache Behavior ::run [ RunTime:0.000403s ]
INFO: ShowRuntime Behavior ::run [ RunTime:0.000496s ]
INFO: [ view_filter ] --END-- [ RunTime:0.002148s ]
INFO: [ view_end ] --START--
INFO: ShowPageTrace Behavior ::run [ RunTime:0.000938s ]
INFO: [ view_end ] --END-- [ RunTime:0.001041s ]

[ 2016-08-05T14:12:45+08:00 ] 0.0.0.0 /cklDraw/api.php
INFO: [ app_begin ] --START--
INFO: ReadHtmlCache Behavior ::run [ RunTime:0.000959s ]
INFO: [ app_begin ] --END-- [ RunTime:0.001036s ]
NOTIC: [8] Undefined index:  HTTP_RAW_POST_DATA D:\WWW\cklDraw\Api\Lib\Action\IndexAction.class.php 第 15 行.
ERR: Action:register您所请求的方法不存在！

[ 2016-08-05T14:13:59+08:00 ] 0.0.0.0 /cklDraw/api.php
INFO: [ app_begin ] --START--
INFO: ReadHtmlCache Behavior ::run [ RunTime:0.000894s ]
INFO: [ app_begin ] --END-- [ RunTime:0.000968s ]
NOTIC: [8] Undefined index:  HTTP_RAW_POST_DATA D:\WWW\cklDraw\Api\Lib\Action\IndexAction.class.php 第 15 行.
ERR: Action:do_draw您所请求的方法不存在！

[ 2016-08-05T14:15:53+08:00 ] 0.0.0.0 /cklDraw/api.php
INFO: [ app_begin ] --START--
INFO: ReadHtmlCache Behavior ::run [ RunTime:0.000788s ]
INFO: [ app_begin ] --END-- [ RunTime:0.000880s ]
NOTIC: [8] Undefined index:  HTTP_RAW_POST_DATA D:\WWW\cklDraw\Api\Lib\Action\IndexAction.class.php 第 15 行.
NOTIC: [8] Undefined index:  order_id D:\WWW\cklDraw\Api\Lib\Action\IndexAction.class.php 第 34 行.

[ 2016-08-05T14:16:05+08:00 ] 0.0.0.0 /cklDraw/api.php
INFO: [ app_begin ] --START--
INFO: ReadHtmlCache Behavior ::run [ RunTime:0.002667s ]
INFO: [ app_begin ] --END-- [ RunTime:0.002748s ]
NOTIC: [8] Undefined index:  HTTP_RAW_POST_DATA D:\WWW\cklDraw\Api\Lib\Action\IndexAction.class.php 第 15 行.
NOTIC: [8] Undefined index:  order_id D:\WWW\cklDraw\Api\Lib\Action\IndexAction.class.php 第 34 行.

[ 2016-08-05T14:16:20+08:00 ] 0.0.0.0 /cklDraw/api.php
INFO: [ app_begin ] --START--
INFO: ReadHtmlCache Behavior ::run [ RunTime:0.000624s ]
INFO: [ app_begin ] --END-- [ RunTime:0.000692s ]
NOTIC: [8] Undefined index:  HTTP_RAW_POST_DATA D:\WWW\cklDraw\Api\Lib\Action\IndexAction.class.php 第 15 行.
NOTIC: [8] Undefined index:  order_id D:\WWW\cklDraw\Api\Lib\Action\IndexAction.class.php 第 34 行.

[ 2016-08-05T14:16:35+08:00 ] 0.0.0.0 /cklDraw/api.php
INFO: [ app_begin ] --START--
INFO: ReadHtmlCache Behavior ::run [ RunTime:0.000690s ]
INFO: [ app_begin ] --END-- [ RunTime:0.000771s ]
NOTIC: [8] Undefined index:  HTTP_RAW_POST_DATA D:\WWW\cklDraw\Api\Lib\Action\IndexAction.class.php 第 15 行.

[ 2016-08-05T14:18:07+08:00 ] 0.0.0.0 /cklDraw/api.php
INFO: [ app_begin ] --START--
INFO: ReadHtmlCache Behavior ::run [ RunTime:0.000796s ]
INFO: [ app_begin ] --END-- [ RunTime:0.000859s ]
NOTIC: [8] Undefined index:  HTTP_RAW_POST_DATA D:\WWW\cklDraw\Api\Lib\Action\IndexAction.class.php 第 15 行.
SQL: SHOW COLUMNS FROM `prize` [ RunTime:0.022757s ]
SQL: SELECT * FROM `prize`  [ RunTime:0.011457s ]

[ 2016-08-05T14:20:00+08:00 ] 0.0.0.0 /cklDraw/api.php
INFO: [ app_begin ] --START--
INFO: ReadHtmlCache Behavior ::run [ RunTime:0.001347s ]
INFO: [ app_begin ] --END-- [ RunTime:0.001435s ]
NOTIC: [8] Undefined index:  HTTP_RAW_POST_DATA D:\WWW\cklDraw\Api\Lib\Action\IndexAction.class.php 第 15 行.
SQL: SHOW COLUMNS FROM `prize` [ RunTime:0.009926s ]
SQL: SELECT * FROM `prize`  [ RunTime:0.003615s ]

[ 2016-08-05T14:20:06+08:00 ] 0.0.0.0 /cklDraw/api.php
INFO: [ app_begin ] --START--
INFO: ReadHtmlCache Behavior ::run [ RunTime:0.000951s ]
INFO: [ app_begin ] --END-- [ RunTime:0.001084s ]
NOTIC: [8] Undefined index:  HTTP_RAW_POST_DATA D:\WWW\cklDraw\Api\Lib\Action\IndexAction.class.php 第 15 行.
SQL: SHOW COLUMNS FROM `prize` [ RunTime:0.010654s ]
SQL: SELECT * FROM `prize`  [ RunTime:0.005707s ]

[ 2016-08-05T14:20:10+08:00 ] 0.0.0.0 /cklDraw/api.php
INFO: [ app_begin ] --START--
INFO: ReadHtmlCache Behavior ::run [ RunTime:0.001040s ]
INFO: [ app_begin ] --END-- [ RunTime:0.001164s ]
NOTIC: [8] Undefined index:  HTTP_RAW_POST_DATA D:\WWW\cklDraw\Api\Lib\Action\IndexAction.class.php 第 15 行.
SQL: SHOW COLUMNS FROM `prize` [ RunTime:0.009852s ]
SQL: SELECT * FROM `prize`  [ RunTime:0.012615s ]

[ 2016-08-05T14:20:28+08:00 ] 0.0.0.0 /cklDraw/api.php
INFO: [ app_begin ] --START--
INFO: ReadHtmlCache Behavior ::run [ RunTime:0.001283s ]
INFO: [ app_begin ] --END-- [ RunTime:0.001429s ]
NOTIC: [8] Undefined index:  HTTP_RAW_POST_DATA D:\WWW\cklDraw\Api\Lib\Action\IndexAction.class.php 第 15 行.
SQL: SHOW COLUMNS FROM `prize` [ RunTime:0.010722s ]
SQL: SELECT * FROM `prize`  [ RunTime:0.011315s ]

[ 2016-08-05T14:30:26+08:00 ] 0.0.0.0 /cklDraw/api.php
INFO: [ app_begin ] --START--
INFO: ReadHtmlCache Behavior ::run [ RunTime:0.001467s ]
INFO: [ app_begin ] --END-- [ RunTime:0.001566s ]
NOTIC: [8] Undefined index:  HTTP_RAW_POST_DATA D:\WWW\cklDraw\Api\Lib\Action\IndexAction.class.php 第 15 行.
SQL: SHOW COLUMNS FROM `prize` [ RunTime:0.007805s ]
SQL: SELECT * FROM `prize`  [ RunTime:0.003603s ]

[ 2016-08-05T14:30:45+08:00 ] 0.0.0.0 /cklDraw/api.php
INFO: [ app_begin ] --START--
INFO: ReadHtmlCache Behavior ::run [ RunTime:0.000654s ]
INFO: [ app_begin ] --END-- [ RunTime:0.000732s ]
NOTIC: [8] Undefined index:  HTTP_RAW_POST_DATA D:\WWW\cklDraw\Api\Lib\Action\IndexAction.class.php 第 15 行.
SQL: SHOW COLUMNS FROM `prize` [ RunTime:0.007528s ]
SQL: SELECT * FROM `prize`  [ RunTime:0.004013s ]

[ 2016-08-05T14:30:47+08:00 ] 0.0.0.0 /cklDraw/api.php
INFO: [ app_begin ] --START--
INFO: ReadHtmlCache Behavior ::run [ RunTime:0.000643s ]
INFO: [ app_begin ] --END-- [ RunTime:0.000736s ]
NOTIC: [8] Undefined index:  HTTP_RAW_POST_DATA D:\WWW\cklDraw\Api\Lib\Action\IndexAction.class.php 第 15 行.
SQL: SHOW COLUMNS FROM `prize` [ RunTime:0.008996s ]
SQL: SELECT * FROM `prize`  [ RunTime:0.003633s ]

[ 2016-08-05T14:30:48+08:00 ] 0.0.0.0 /cklDraw/api.php
INFO: [ app_begin ] --START--
INFO: ReadHtmlCache Behavior ::run [ RunTime:0.000579s ]
INFO: [ app_begin ] --END-- [ RunTime:0.000635s ]
NOTIC: [8] Undefined index:  HTTP_RAW_POST_DATA D:\WWW\cklDraw\Api\Lib\Action\IndexAction.class.php 第 15 行.
SQL: SHOW COLUMNS FROM `prize` [ RunTime:0.034557s ]
SQL: SELECT * FROM `prize`  [ RunTime:0.003976s ]

[ 2016-08-05T14:30:50+08:00 ] 0.0.0.0 /cklDraw/api.php
INFO: [ app_begin ] --START--
INFO: ReadHtmlCache Behavior ::run [ RunTime:0.000844s ]
INFO: [ app_begin ] --END-- [ RunTime:0.000937s ]
NOTIC: [8] Undefined index:  HTTP_RAW_POST_DATA D:\WWW\cklDraw\Api\Lib\Action\IndexAction.class.php 第 15 行.
SQL: SHOW COLUMNS FROM `prize` [ RunTime:0.006944s ]
SQL: SELECT * FROM `prize`  [ RunTime:0.008955s ]

[ 2016-08-05T14:30:52+08:00 ] 0.0.0.0 /cklDraw/api.php
INFO: [ app_begin ] --START--
INFO: ReadHtmlCache Behavior ::run [ RunTime:0.000555s ]
INFO: [ app_begin ] --END-- [ RunTime:0.000614s ]
NOTIC: [8] Undefined index:  HTTP_RAW_POST_DATA D:\WWW\cklDraw\Api\Lib\Action\IndexAction.class.php 第 15 行.
SQL: SHOW COLUMNS FROM `prize` [ RunTime:0.008195s ]
SQL: SELECT * FROM `prize`  [ RunTime:0.003892s ]

[ 2016-08-05T14:30:54+08:00 ] 0.0.0.0 /cklDraw/api.php
INFO: [ app_begin ] --START--
INFO: ReadHtmlCache Behavior ::run [ RunTime:0.000846s ]
INFO: [ app_begin ] --END-- [ RunTime:0.000945s ]
NOTIC: [8] Undefined index:  HTTP_RAW_POST_DATA D:\WWW\cklDraw\Api\Lib\Action\IndexAction.class.php 第 15 行.
SQL: SHOW COLUMNS FROM `prize` [ RunTime:0.007177s ]
SQL: SELECT * FROM `prize`  [ RunTime:0.006886s ]

[ 2016-08-05T14:30:57+08:00 ] 0.0.0.0 /cklDraw/api.php
INFO: [ app_begin ] --START--
INFO: ReadHtmlCache Behavior ::run [ RunTime:0.000985s ]
INFO: [ app_begin ] --END-- [ RunTime:0.001147s ]
NOTIC: [8] Undefined index:  HTTP_RAW_POST_DATA D:\WWW\cklDraw\Api\Lib\Action\IndexAction.class.php 第 15 行.
SQL: SHOW COLUMNS FROM `prize` [ RunTime:0.007086s ]
SQL: SELECT * FROM `prize`  [ RunTime:0.005385s ]

[ 2016-08-05T14:30:59+08:00 ] 0.0.0.0 /cklDraw/api.php
INFO: [ app_begin ] --START--
INFO: ReadHtmlCache Behavior ::run [ RunTime:0.000629s ]
INFO: [ app_begin ] --END-- [ RunTime:0.000702s ]
NOTIC: [8] Undefined index:  HTTP_RAW_POST_DATA D:\WWW\cklDraw\Api\Lib\Action\IndexAction.class.php 第 15 行.
SQL: SHOW COLUMNS FROM `prize` [ RunTime:0.012376s ]
SQL: SELECT * FROM `prize`  [ RunTime:0.003898s ]

[ 2016-08-05T14:31:01+08:00 ] 0.0.0.0 /cklDraw/api.php
INFO: [ app_begin ] --START--
INFO: ReadHtmlCache Behavior ::run [ RunTime:0.000963s ]
INFO: [ app_begin ] --END-- [ RunTime:0.001058s ]
NOTIC: [8] Undefined index:  HTTP_RAW_POST_DATA D:\WWW\cklDraw\Api\Lib\Action\IndexAction.class.php 第 15 行.
SQL: SHOW COLUMNS FROM `prize` [ RunTime:0.009189s ]
SQL: SELECT * FROM `prize`  [ RunTime:0.004196s ]

[ 2016-08-05T14:31:37+08:00 ] 0.0.0.0 /cklDraw/api.php
INFO: [ app_begin ] --START--
INFO: ReadHtmlCache Behavior ::run [ RunTime:0.001726s ]
INFO: [ app_begin ] --END-- [ RunTime:0.001947s ]
NOTIC: [8] Undefined index:  HTTP_RAW_POST_DATA D:\WWW\cklDraw\Api\Lib\Action\IndexAction.class.php 第 15 行.
SQL: SHOW COLUMNS FROM `prize` [ RunTime:0.554282s ]
SQL: SELECT * FROM `prize`  [ RunTime:0.005274s ]

[ 2016-08-05T14:31:56+08:00 ] 0.0.0.0 /cklDraw/api.php
INFO: [ app_begin ] --START--
INFO: ReadHtmlCache Behavior ::run [ RunTime:0.000584s ]
INFO: [ app_begin ] --END-- [ RunTime:0.000653s ]
NOTIC: [8] Undefined index:  HTTP_RAW_POST_DATA D:\WWW\cklDraw\Api\Lib\Action\IndexAction.class.php 第 15 行.
SQL: SHOW COLUMNS FROM `prize` [ RunTime:0.010807s ]
SQL: SELECT * FROM `prize`  [ RunTime:0.004013s ]

[ 2016-08-05T14:32:16+08:00 ] 0.0.0.0 /cklDraw/api.php
INFO: [ app_begin ] --START--
INFO: ReadHtmlCache Behavior ::run [ RunTime:0.000787s ]
INFO: [ app_begin ] --END-- [ RunTime:0.000869s ]
NOTIC: [8] Undefined index:  HTTP_RAW_POST_DATA D:\WWW\cklDraw\Api\Lib\Action\IndexAction.class.php 第 15 行.
SQL: SHOW COLUMNS FROM `prize` [ RunTime:0.009220s ]
SQL: SELECT * FROM `prize`  [ RunTime:0.007076s ]

[ 2016-08-05T14:33:45+08:00 ] 0.0.0.0 /cklDraw/api.php
INFO: [ app_begin ] --START--
INFO: ReadHtmlCache Behavior ::run [ RunTime:0.000806s ]
INFO: [ app_begin ] --END-- [ RunTime:0.000866s ]
NOTIC: [8] Undefined index:  HTTP_RAW_POST_DATA D:\WWW\cklDraw\Api\Lib\Action\IndexAction.class.php 第 15 行.
SQL: SHOW COLUMNS FROM `prize` [ RunTime:0.011485s ]
SQL: SELECT * FROM `prize`  [ RunTime:0.004989s ]

[ 2016-08-05T14:33:49+08:00 ] 0.0.0.0 /cklDraw/api.php
INFO: [ app_begin ] --START--
INFO: ReadHtmlCache Behavior ::run [ RunTime:0.000786s ]
INFO: [ app_begin ] --END-- [ RunTime:0.000870s ]
NOTIC: [8] Undefined index:  HTTP_RAW_POST_DATA D:\WWW\cklDraw\Api\Lib\Action\IndexAction.class.php 第 15 行.
SQL: SHOW COLUMNS FROM `prize` [ RunTime:0.010124s ]
SQL: SELECT * FROM `prize`  [ RunTime:0.013005s ]

[ 2016-08-05T14:43:28+08:00 ] 0.0.0.0 /cklDraw/api.php
INFO: [ app_begin ] --START--
INFO: ReadHtmlCache Behavior ::run [ RunTime:0.000872s ]
INFO: [ app_begin ] --END-- [ RunTime:0.000937s ]
NOTIC: [8] Undefined index:  HTTP_RAW_POST_DATA D:\WWW\cklDraw\Api\Lib\Action\IndexAction.class.php 第 15 行.
SQL: SHOW COLUMNS FROM `prize` [ RunTime:0.006449s ]
SQL: SELECT * FROM `prize`  [ RunTime:0.004021s ]

[ 2016-08-05T14:43:31+08:00 ] 0.0.0.0 /cklDraw/api.php
INFO: [ app_begin ] --START--
INFO: ReadHtmlCache Behavior ::run [ RunTime:0.000573s ]
INFO: [ app_begin ] --END-- [ RunTime:0.000652s ]
NOTIC: [8] Undefined index:  HTTP_RAW_POST_DATA D:\WWW\cklDraw\Api\Lib\Action\IndexAction.class.php 第 15 行.
SQL: SHOW COLUMNS FROM `prize` [ RunTime:0.010920s ]
SQL: SELECT * FROM `prize`  [ RunTime:0.031665s ]

[ 2016-08-05T14:43:33+08:00 ] 0.0.0.0 /cklDraw/api.php
INFO: [ app_begin ] --START--
INFO: ReadHtmlCache Behavior ::run [ RunTime:0.000917s ]
INFO: [ app_begin ] --END-- [ RunTime:0.001062s ]
NOTIC: [8] Undefined index:  HTTP_RAW_POST_DATA D:\WWW\cklDraw\Api\Lib\Action\IndexAction.class.php 第 15 行.
SQL: SHOW COLUMNS FROM `prize` [ RunTime:0.032601s ]
SQL: SELECT * FROM `prize`  [ RunTime:0.006601s ]

[ 2016-08-05T14:43:34+08:00 ] 0.0.0.0 /cklDraw/api.php
INFO: [ app_begin ] --START--
INFO: ReadHtmlCache Behavior ::run [ RunTime:0.001188s ]
INFO: [ app_begin ] --END-- [ RunTime:0.001370s ]
NOTIC: [8] Undefined index:  HTTP_RAW_POST_DATA D:\WWW\cklDraw\Api\Lib\Action\IndexAction.class.php 第 15 行.
SQL: SHOW COLUMNS FROM `prize` [ RunTime:0.007084s ]
SQL: SELECT * FROM `prize`  [ RunTime:0.020798s ]

[ 2016-08-05T14:43:43+08:00 ] 0.0.0.0 /cklDraw/api.php
INFO: [ app_begin ] --START--
INFO: ReadHtmlCache Behavior ::run [ RunTime:0.001597s ]
INFO: [ app_begin ] --END-- [ RunTime:0.001808s ]
NOTIC: [8] Undefined index:  HTTP_RAW_POST_DATA D:\WWW\cklDraw\Api\Lib\Action\IndexAction.class.php 第 15 行.
SQL: SHOW COLUMNS FROM `prize` [ RunTime:0.011583s ]
SQL: SELECT * FROM `prize`  [ RunTime:0.006858s ]

[ 2016-08-05T14:43:44+08:00 ] 0.0.0.0 /cklDraw/api.php
INFO: [ app_begin ] --START--
INFO: ReadHtmlCache Behavior ::run [ RunTime:0.000910s ]
INFO: [ app_begin ] --END-- [ RunTime:0.001042s ]
NOTIC: [8] Undefined index:  HTTP_RAW_POST_DATA D:\WWW\cklDraw\Api\Lib\Action\IndexAction.class.php 第 15 行.
SQL: SHOW COLUMNS FROM `prize` [ RunTime:0.008300s ]
SQL: SELECT * FROM `prize`  [ RunTime:0.004262s ]

[ 2016-08-05T14:43:46+08:00 ] 0.0.0.0 /cklDraw/api.php
INFO: [ app_begin ] --START--
INFO: ReadHtmlCache Behavior ::run [ RunTime:0.000985s ]
INFO: [ app_begin ] --END-- [ RunTime:0.001107s ]
NOTIC: [8] Undefined index:  HTTP_RAW_POST_DATA D:\WWW\cklDraw\Api\Lib\Action\IndexAction.class.php 第 15 行.
SQL: SHOW COLUMNS FROM `prize` [ RunTime:0.008792s ]
SQL: SELECT * FROM `prize`  [ RunTime:0.003861s ]

[ 2016-08-05T14:43:47+08:00 ] 0.0.0.0 /cklDraw/api.php
INFO: [ app_begin ] --START--
INFO: ReadHtmlCache Behavior ::run [ RunTime:0.000617s ]
INFO: [ app_begin ] --END-- [ RunTime:0.000686s ]
NOTIC: [8] Undefined index:  HTTP_RAW_POST_DATA D:\WWW\cklDraw\Api\Lib\Action\IndexAction.class.php 第 15 行.
SQL: SHOW COLUMNS FROM `prize` [ RunTime:0.011509s ]
SQL: SELECT * FROM `prize`  [ RunTime:0.006653s ]

[ 2016-08-05T14:43:51+08:00 ] 0.0.0.0 /cklDraw/api.php
INFO: [ app_begin ] --START--
INFO: ReadHtmlCache Behavior ::run [ RunTime:0.000618s ]
INFO: [ app_begin ] --END-- [ RunTime:0.000690s ]
NOTIC: [8] Undefined index:  HTTP_RAW_POST_DATA D:\WWW\cklDraw\Api\Lib\Action\IndexAction.class.php 第 15 行.
SQL: SHOW COLUMNS FROM `prize` [ RunTime:0.007098s ]
SQL: SELECT * FROM `prize`  [ RunTime:0.003921s ]

[ 2016-08-05T14:43:52+08:00 ] 0.0.0.0 /cklDraw/api.php
INFO: [ app_begin ] --START--
INFO: ReadHtmlCache Behavior ::run [ RunTime:0.000681s ]
INFO: [ app_begin ] --END-- [ RunTime:0.000767s ]
NOTIC: [8] Undefined index:  HTTP_RAW_POST_DATA D:\WWW\cklDraw\Api\Lib\Action\IndexAction.class.php 第 15 行.
SQL: SHOW COLUMNS FROM `prize` [ RunTime:0.008538s ]
SQL: SELECT * FROM `prize`  [ RunTime:0.004209s ]

[ 2016-08-05T14:43:54+08:00 ] 0.0.0.0 /cklDraw/api.php
INFO: [ app_begin ] --START--
INFO: ReadHtmlCache Behavior ::run [ RunTime:0.000512s ]
INFO: [ app_begin ] --END-- [ RunTime:0.000569s ]
NOTIC: [8] Undefined index:  HTTP_RAW_POST_DATA D:\WWW\cklDraw\Api\Lib\Action\IndexAction.class.php 第 15 行.
SQL: SHOW COLUMNS FROM `prize` [ RunTime:0.007010s ]
SQL: SELECT * FROM `prize`  [ RunTime:0.007280s ]

[ 2016-08-05T14:43:55+08:00 ] 0.0.0.0 /cklDraw/api.php
INFO: [ app_begin ] --START--
INFO: ReadHtmlCache Behavior ::run [ RunTime:0.000535s ]
INFO: [ app_begin ] --END-- [ RunTime:0.000592s ]
NOTIC: [8] Undefined index:  HTTP_RAW_POST_DATA D:\WWW\cklDraw\Api\Lib\Action\IndexAction.class.php 第 15 行.
SQL: SHOW COLUMNS FROM `prize` [ RunTime:0.011575s ]
SQL: SELECT * FROM `prize`  [ RunTime:0.005130s ]

[ 2016-08-05T14:43:57+08:00 ] 0.0.0.0 /cklDraw/api.php
INFO: [ app_begin ] --START--
INFO: ReadHtmlCache Behavior ::run [ RunTime:0.000901s ]
INFO: [ app_begin ] --END-- [ RunTime:0.000999s ]
NOTIC: [8] Undefined index:  HTTP_RAW_POST_DATA D:\WWW\cklDraw\Api\Lib\Action\IndexAction.class.php 第 15 行.
SQL: SHOW COLUMNS FROM `prize` [ RunTime:0.013538s ]
SQL: SELECT * FROM `prize`  [ RunTime:0.003976s ]

[ 2016-08-05T14:43:58+08:00 ] 0.0.0.0 /cklDraw/api.php
INFO: [ app_begin ] --START--
INFO: ReadHtmlCache Behavior ::run [ RunTime:0.000650s ]
INFO: [ app_begin ] --END-- [ RunTime:0.000718s ]
NOTIC: [8] Undefined index:  HTTP_RAW_POST_DATA D:\WWW\cklDraw\Api\Lib\Action\IndexAction.class.php 第 15 行.
SQL: SHOW COLUMNS FROM `prize` [ RunTime:0.007089s ]
SQL: SELECT * FROM `prize`  [ RunTime:0.004042s ]

[ 2016-08-05T14:44:00+08:00 ] 0.0.0.0 /cklDraw/api.php
INFO: [ app_begin ] --START--
INFO: ReadHtmlCache Behavior ::run [ RunTime:0.001264s ]
INFO: [ app_begin ] --END-- [ RunTime:0.001438s ]
NOTIC: [8] Undefined index:  HTTP_RAW_POST_DATA D:\WWW\cklDraw\Api\Lib\Action\IndexAction.class.php 第 15 行.
SQL: SHOW COLUMNS FROM `prize` [ RunTime:0.012102s ]
SQL: SELECT * FROM `prize`  [ RunTime:0.004172s ]

[ 2016-08-05T14:44:03+08:00 ] 0.0.0.0 /cklDraw/api.php
INFO: [ app_begin ] --START--
INFO: ReadHtmlCache Behavior ::run [ RunTime:0.000886s ]
INFO: [ app_begin ] --END-- [ RunTime:0.000993s ]
NOTIC: [8] Undefined index:  HTTP_RAW_POST_DATA D:\WWW\cklDraw\Api\Lib\Action\IndexAction.class.php 第 15 行.
SQL: SHOW COLUMNS FROM `prize` [ RunTime:0.311917s ]
SQL: SELECT * FROM `prize`  [ RunTime:0.004035s ]

[ 2016-08-05T14:44:05+08:00 ] 0.0.0.0 /cklDraw/api.php
INFO: [ app_begin ] --START--
INFO: ReadHtmlCache Behavior ::run [ RunTime:0.000911s ]
INFO: [ app_begin ] --END-- [ RunTime:0.001013s ]
NOTIC: [8] Undefined index:  HTTP_RAW_POST_DATA D:\WWW\cklDraw\Api\Lib\Action\IndexAction.class.php 第 15 行.
SQL: SHOW COLUMNS FROM `prize` [ RunTime:0.009797s ]
SQL: SELECT * FROM `prize`  [ RunTime:0.010637s ]

[ 2016-08-05T14:44:07+08:00 ] 0.0.0.0 /cklDraw/api.php
INFO: [ app_begin ] --START--
INFO: ReadHtmlCache Behavior ::run [ RunTime:0.000535s ]
INFO: [ app_begin ] --END-- [ RunTime:0.000591s ]
NOTIC: [8] Undefined index:  HTTP_RAW_POST_DATA D:\WWW\cklDraw\Api\Lib\Action\IndexAction.class.php 第 15 行.
SQL: SHOW COLUMNS FROM `prize` [ RunTime:0.010902s ]
SQL: SELECT * FROM `prize`  [ RunTime:0.021552s ]

[ 2016-08-05T14:44:09+08:00 ] 0.0.0.0 /cklDraw/api.php
INFO: [ app_begin ] --START--
INFO: ReadHtmlCache Behavior ::run [ RunTime:0.000563s ]
INFO: [ app_begin ] --END-- [ RunTime:0.000620s ]
NOTIC: [8] Undefined index:  HTTP_RAW_POST_DATA D:\WWW\cklDraw\Api\Lib\Action\IndexAction.class.php 第 15 行.
SQL: SHOW COLUMNS FROM `prize` [ RunTime:0.008099s ]
SQL: SELECT * FROM `prize`  [ RunTime:0.010612s ]

[ 2016-08-05T14:44:11+08:00 ] 0.0.0.0 /cklDraw/api.php
INFO: [ app_begin ] --START--
INFO: ReadHtmlCache Behavior ::run [ RunTime:0.000540s ]
INFO: [ app_begin ] --END-- [ RunTime:0.000599s ]
NOTIC: [8] Undefined index:  HTTP_RAW_POST_DATA D:\WWW\cklDraw\Api\Lib\Action\IndexAction.class.php 第 15 行.
SQL: SHOW COLUMNS FROM `prize` [ RunTime:0.037988s ]
SQL: SELECT * FROM `prize`  [ RunTime:0.017722s ]

[ 2016-08-05T14:44:13+08:00 ] 0.0.0.0 /cklDraw/api.php
INFO: [ app_begin ] --START--
INFO: ReadHtmlCache Behavior ::run [ RunTime:0.000586s ]
INFO: [ app_begin ] --END-- [ RunTime:0.000654s ]
NOTIC: [8] Undefined index:  HTTP_RAW_POST_DATA D:\WWW\cklDraw\Api\Lib\Action\IndexAction.class.php 第 15 行.
SQL: SHOW COLUMNS FROM `prize` [ RunTime:0.022238s ]
SQL: SELECT * FROM `prize`  [ RunTime:0.015133s ]

[ 2016-08-05T14:44:14+08:00 ] 0.0.0.0 /cklDraw/api.php
INFO: [ app_begin ] --START--
INFO: ReadHtmlCache Behavior ::run [ RunTime:0.000539s ]
INFO: [ app_begin ] --END-- [ RunTime:0.000596s ]
NOTIC: [8] Undefined index:  HTTP_RAW_POST_DATA D:\WWW\cklDraw\Api\Lib\Action\IndexAction.class.php 第 15 行.
SQL: SHOW COLUMNS FROM `prize` [ RunTime:0.012366s ]
SQL: SELECT * FROM `prize`  [ RunTime:0.013273s ]

[ 2016-08-05T14:44:16+08:00 ] 0.0.0.0 /cklDraw/api.php
INFO: [ app_begin ] --START--
INFO: ReadHtmlCache Behavior ::run [ RunTime:0.000623s ]
INFO: [ app_begin ] --END-- [ RunTime:0.000693s ]
NOTIC: [8] Undefined index:  HTTP_RAW_POST_DATA D:\WWW\cklDraw\Api\Lib\Action\IndexAction.class.php 第 15 行.
SQL: SHOW COLUMNS FROM `prize` [ RunTime:0.009429s ]
SQL: SELECT * FROM `prize`  [ RunTime:0.009646s ]

[ 2016-08-05T14:44:18+08:00 ] 0.0.0.0 /cklDraw/api.php
INFO: [ app_begin ] --START--
INFO: ReadHtmlCache Behavior ::run [ RunTime:0.000838s ]
INFO: [ app_begin ] --END-- [ RunTime:0.000936s ]
NOTIC: [8] Undefined index:  HTTP_RAW_POST_DATA D:\WWW\cklDraw\Api\Lib\Action\IndexAction.class.php 第 15 行.
SQL: SHOW COLUMNS FROM `prize` [ RunTime:0.008659s ]
SQL: SELECT * FROM `prize`  [ RunTime:0.014384s ]

[ 2016-08-05T14:44:20+08:00 ] 0.0.0.0 /cklDraw/api.php
INFO: [ app_begin ] --START--
INFO: ReadHtmlCache Behavior ::run [ RunTime:0.000767s ]
INFO: [ app_begin ] --END-- [ RunTime:0.000850s ]
NOTIC: [8] Undefined index:  HTTP_RAW_POST_DATA D:\WWW\cklDraw\Api\Lib\Action\IndexAction.class.php 第 15 行.
SQL: SHOW COLUMNS FROM `prize` [ RunTime:0.011404s ]
SQL: SELECT * FROM `prize`  [ RunTime:0.325987s ]

[ 2016-08-05T14:44:22+08:00 ] 0.0.0.0 /cklDraw/api.php
INFO: [ app_begin ] --START--
INFO: ReadHtmlCache Behavior ::run [ RunTime:0.000767s ]
INFO: [ app_begin ] --END-- [ RunTime:0.000848s ]
NOTIC: [8] Undefined index:  HTTP_RAW_POST_DATA D:\WWW\cklDraw\Api\Lib\Action\IndexAction.class.php 第 15 行.
SQL: SHOW COLUMNS FROM `prize` [ RunTime:0.034910s ]
SQL: SELECT * FROM `prize`  [ RunTime:0.012916s ]

[ 2016-08-05T14:44:23+08:00 ] 0.0.0.0 /cklDraw/api.php
INFO: [ app_begin ] --START--
INFO: ReadHtmlCache Behavior ::run [ RunTime:0.000722s ]
INFO: [ app_begin ] --END-- [ RunTime:0.000829s ]
NOTIC: [8] Undefined index:  HTTP_RAW_POST_DATA D:\WWW\cklDraw\Api\Lib\Action\IndexAction.class.php 第 15 行.
SQL: SHOW COLUMNS FROM `prize` [ RunTime:0.008446s ]
SQL: SELECT * FROM `prize`  [ RunTime:0.005059s ]

[ 2016-08-05T14:44:25+08:00 ] 0.0.0.0 /cklDraw/api.php
INFO: [ app_begin ] --START--
INFO: ReadHtmlCache Behavior ::run [ RunTime:0.000665s ]
INFO: [ app_begin ] --END-- [ RunTime:0.000738s ]
NOTIC: [8] Undefined index:  HTTP_RAW_POST_DATA D:\WWW\cklDraw\Api\Lib\Action\IndexAction.class.php 第 15 行.
SQL: SHOW COLUMNS FROM `prize` [ RunTime:0.012355s ]
SQL: SELECT * FROM `prize`  [ RunTime:0.004146s ]

[ 2016-08-05T14:44:27+08:00 ] 0.0.0.0 /cklDraw/api.php
INFO: [ app_begin ] --START--
INFO: ReadHtmlCache Behavior ::run [ RunTime:0.000611s ]
INFO: [ app_begin ] --END-- [ RunTime:0.000687s ]
NOTIC: [8] Undefined index:  HTTP_RAW_POST_DATA D:\WWW\cklDraw\Api\Lib\Action\IndexAction.class.php 第 15 行.
SQL: SHOW COLUMNS FROM `prize` [ RunTime:0.009867s ]
SQL: SELECT * FROM `prize`  [ RunTime:0.006226s ]

[ 2016-08-05T14:44:28+08:00 ] 0.0.0.0 /cklDraw/api.php
INFO: [ app_begin ] --START--
INFO: ReadHtmlCache Behavior ::run [ RunTime:0.000688s ]
INFO: [ app_begin ] --END-- [ RunTime:0.000772s ]
NOTIC: [8] Undefined index:  HTTP_RAW_POST_DATA D:\WWW\cklDraw\Api\Lib\Action\IndexAction.class.php 第 15 行.
SQL: SHOW COLUMNS FROM `prize` [ RunTime:0.009006s ]
SQL: SELECT * FROM `prize`  [ RunTime:0.005475s ]

[ 2016-08-05T14:44:30+08:00 ] 0.0.0.0 /cklDraw/api.php
INFO: [ app_begin ] --START--
INFO: ReadHtmlCache Behavior ::run [ RunTime:0.000809s ]
INFO: [ app_begin ] --END-- [ RunTime:0.000903s ]
NOTIC: [8] Undefined index:  HTTP_RAW_POST_DATA D:\WWW\cklDraw\Api\Lib\Action\IndexAction.class.php 第 15 行.
SQL: SHOW COLUMNS FROM `prize` [ RunTime:0.006788s ]
SQL: SELECT * FROM `prize`  [ RunTime:0.009392s ]

[ 2016-08-05T14:44:32+08:00 ] 0.0.0.0 /cklDraw/api.php
INFO: [ app_begin ] --START--
INFO: ReadHtmlCache Behavior ::run [ RunTime:0.000615s ]
INFO: [ app_begin ] --END-- [ RunTime:0.000687s ]
NOTIC: [8] Undefined index:  HTTP_RAW_POST_DATA D:\WWW\cklDraw\Api\Lib\Action\IndexAction.class.php 第 15 行.
SQL: SHOW COLUMNS FROM `prize` [ RunTime:0.020588s ]
SQL: SELECT * FROM `prize`  [ RunTime:0.019402s ]

[ 2016-08-05T14:44:34+08:00 ] 0.0.0.0 /cklDraw/api.php
INFO: [ app_begin ] --START--
INFO: ReadHtmlCache Behavior ::run [ RunTime:0.000973s ]
INFO: [ app_begin ] --END-- [ RunTime:0.001089s ]
NOTIC: [8] Undefined index:  HTTP_RAW_POST_DATA D:\WWW\cklDraw\Api\Lib\Action\IndexAction.class.php 第 15 行.
SQL: SHOW COLUMNS FROM `prize` [ RunTime:0.008959s ]
SQL: SELECT * FROM `prize`  [ RunTime:0.300923s ]

[ 2016-08-05T14:46:01+08:00 ] 0.0.0.0 /cklDraw/api.php
INFO: [ app_begin ] --START--
INFO: ReadHtmlCache Behavior ::run [ RunTime:0.006567s ]
INFO: [ app_begin ] --END-- [ RunTime:0.006731s ]
NOTIC: [8] Undefined index:  HTTP_RAW_POST_DATA D:\WWW\cklDraw\Api\Lib\Action\IndexAction.class.php 第 15 行.
SQL: SHOW COLUMNS FROM `prize` [ RunTime:0.010731s ]
SQL: SELECT * FROM `prize`  [ RunTime:0.006366s ]

[ 2016-08-05T14:46:03+08:00 ] 0.0.0.0 /cklDraw/api.php
INFO: [ app_begin ] --START--
INFO: ReadHtmlCache Behavior ::run [ RunTime:0.000828s ]
INFO: [ app_begin ] --END-- [ RunTime:0.000920s ]
NOTIC: [8] Undefined index:  HTTP_RAW_POST_DATA D:\WWW\cklDraw\Api\Lib\Action\IndexAction.class.php 第 15 行.
SQL: SHOW COLUMNS FROM `prize` [ RunTime:0.007097s ]
SQL: SELECT * FROM `prize`  [ RunTime:0.028726s ]

[ 2016-08-05T14:46:05+08:00 ] 0.0.0.0 /cklDraw/api.php
INFO: [ app_begin ] --START--
INFO: ReadHtmlCache Behavior ::run [ RunTime:0.000539s ]
INFO: [ app_begin ] --END-- [ RunTime:0.000596s ]
NOTIC: [8] Undefined index:  HTTP_RAW_POST_DATA D:\WWW\cklDraw\Api\Lib\Action\IndexAction.class.php 第 15 行.
SQL: SHOW COLUMNS FROM `prize` [ RunTime:0.010097s ]
SQL: SELECT * FROM `prize`  [ RunTime:0.003745s ]

[ 2016-08-05T14:46:10+08:00 ] 0.0.0.0 /cklDraw/api.php
INFO: [ app_begin ] --START--
INFO: ReadHtmlCache Behavior ::run [ RunTime:0.000766s ]
INFO: [ app_begin ] --END-- [ RunTime:0.000865s ]
NOTIC: [8] Undefined index:  HTTP_RAW_POST_DATA D:\WWW\cklDraw\Api\Lib\Action\IndexAction.class.php 第 15 行.
SQL: SHOW COLUMNS FROM `prize` [ RunTime:0.008030s ]
SQL: SELECT * FROM `prize`  [ RunTime:0.003841s ]

[ 2016-08-05T14:46:11+08:00 ] 0.0.0.0 /cklDraw/api.php
INFO: [ app_begin ] --START--
INFO: ReadHtmlCache Behavior ::run [ RunTime:0.000546s ]
INFO: [ app_begin ] --END-- [ RunTime:0.000620s ]
NOTIC: [8] Undefined index:  HTTP_RAW_POST_DATA D:\WWW\cklDraw\Api\Lib\Action\IndexAction.class.php 第 15 行.
SQL: SHOW COLUMNS FROM `prize` [ RunTime:0.013258s ]
SQL: SELECT * FROM `prize`  [ RunTime:0.003794s ]

[ 2016-08-05T14:46:13+08:00 ] 0.0.0.0 /cklDraw/api.php
INFO: [ app_begin ] --START--
INFO: ReadHtmlCache Behavior ::run [ RunTime:0.000906s ]
INFO: [ app_begin ] --END-- [ RunTime:0.001177s ]
NOTIC: [8] Undefined index:  HTTP_RAW_POST_DATA D:\WWW\cklDraw\Api\Lib\Action\IndexAction.class.php 第 15 行.
SQL: SHOW COLUMNS FROM `prize` [ RunTime:0.008900s ]
SQL: SELECT * FROM `prize`  [ RunTime:0.012113s ]

[ 2016-08-05T14:46:15+08:00 ] 0.0.0.0 /cklDraw/api.php
INFO: [ app_begin ] --START--
INFO: ReadHtmlCache Behavior ::run [ RunTime:0.000703s ]
INFO: [ app_begin ] --END-- [ RunTime:0.000781s ]
NOTIC: [8] Undefined index:  HTTP_RAW_POST_DATA D:\WWW\cklDraw\Api\Lib\Action\IndexAction.class.php 第 15 行.
SQL: SHOW COLUMNS FROM `prize` [ RunTime:0.009142s ]
SQL: SELECT * FROM `prize`  [ RunTime:0.003859s ]

[ 2016-08-05T14:46:17+08:00 ] 0.0.0.0 /cklDraw/api.php
INFO: [ app_begin ] --START--
INFO: ReadHtmlCache Behavior ::run [ RunTime:0.000616s ]
INFO: [ app_begin ] --END-- [ RunTime:0.000688s ]
NOTIC: [8] Undefined index:  HTTP_RAW_POST_DATA D:\WWW\cklDraw\Api\Lib\Action\IndexAction.class.php 第 15 行.
SQL: SHOW COLUMNS FROM `prize` [ RunTime:0.017525s ]
SQL: SELECT * FROM `prize`  [ RunTime:0.008525s ]

[ 2016-08-05T14:46:18+08:00 ] 0.0.0.0 /cklDraw/api.php
INFO: [ app_begin ] --START--
INFO: ReadHtmlCache Behavior ::run [ RunTime:0.000568s ]
INFO: [ app_begin ] --END-- [ RunTime:0.000635s ]
NOTIC: [8] Undefined index:  HTTP_RAW_POST_DATA D:\WWW\cklDraw\Api\Lib\Action\IndexAction.class.php 第 15 行.
SQL: SHOW COLUMNS FROM `prize` [ RunTime:0.018654s ]
SQL: SELECT * FROM `prize`  [ RunTime:0.013753s ]

[ 2016-08-05T14:46:23+08:00 ] 0.0.0.0 /cklDraw/api.php
INFO: [ app_begin ] --START--
INFO: ReadHtmlCache Behavior ::run [ RunTime:0.000986s ]
INFO: [ app_begin ] --END-- [ RunTime:0.001103s ]
NOTIC: [8] Undefined index:  HTTP_RAW_POST_DATA D:\WWW\cklDraw\Api\Lib\Action\IndexAction.class.php 第 15 行.
SQL: SHOW COLUMNS FROM `prize` [ RunTime:0.028288s ]
SQL: SELECT * FROM `prize`  [ RunTime:0.028973s ]

[ 2016-08-05T14:47:07+08:00 ] 0.0.0.0 /cklDraw/api.php
INFO: [ app_begin ] --START--
INFO: ReadHtmlCache Behavior ::run [ RunTime:0.000602s ]
INFO: [ app_begin ] --END-- [ RunTime:0.000666s ]
NOTIC: [8] Undefined index:  HTTP_RAW_POST_DATA D:\WWW\cklDraw\Api\Lib\Action\IndexAction.class.php 第 15 行.
SQL: SHOW COLUMNS FROM `prize` [ RunTime:0.014783s ]
SQL: SELECT * FROM `prize`  [ RunTime:0.006438s ]

[ 2016-08-05T14:47:09+08:00 ] 0.0.0.0 /cklDraw/api.php
INFO: [ app_begin ] --START--
INFO: ReadHtmlCache Behavior ::run [ RunTime:0.000533s ]
INFO: [ app_begin ] --END-- [ RunTime:0.000592s ]
NOTIC: [8] Undefined index:  HTTP_RAW_POST_DATA D:\WWW\cklDraw\Api\Lib\Action\IndexAction.class.php 第 15 行.
SQL: SHOW COLUMNS FROM `prize` [ RunTime:0.009504s ]
SQL: SELECT * FROM `prize`  [ RunTime:0.008863s ]

[ 2016-08-05T14:47:10+08:00 ] 0.0.0.0 /cklDraw/api.php
INFO: [ app_begin ] --START--
INFO: ReadHtmlCache Behavior ::run [ RunTime:0.000688s ]
INFO: [ app_begin ] --END-- [ RunTime:0.000758s ]
NOTIC: [8] Undefined index:  HTTP_RAW_POST_DATA D:\WWW\cklDraw\Api\Lib\Action\IndexAction.class.php 第 15 行.
SQL: SHOW COLUMNS FROM `prize` [ RunTime:0.012445s ]
SQL: SELECT * FROM `prize`  [ RunTime:0.020918s ]

[ 2016-08-05T14:47:43+08:00 ] 0.0.0.0 /cklDraw/api.php
INFO: [ app_begin ] --START--
INFO: ReadHtmlCache Behavior ::run [ RunTime:0.000979s ]
INFO: [ app_begin ] --END-- [ RunTime:0.001071s ]
NOTIC: [8] Undefined index:  HTTP_RAW_POST_DATA D:\WWW\cklDraw\Api\Lib\Action\IndexAction.class.php 第 15 行.
SQL: SHOW COLUMNS FROM `prize` [ RunTime:0.011249s ]
SQL: SELECT * FROM `prize`  [ RunTime:0.118650s ]

[ 2016-08-05T14:48:05+08:00 ] 0.0.0.0 /cklDraw/api.php
INFO: [ app_begin ] --START--
INFO: ReadHtmlCache Behavior ::run [ RunTime:0.000573s ]
INFO: [ app_begin ] --END-- [ RunTime:0.000637s ]
NOTIC: [8] Undefined index:  HTTP_RAW_POST_DATA D:\WWW\cklDraw\Api\Lib\Action\IndexAction.class.php 第 15 行.
SQL: SHOW COLUMNS FROM `prize` [ RunTime:0.015907s ]
SQL: SELECT * FROM `prize`  [ RunTime:0.013222s ]

[ 2016-08-05T14:53:20+08:00 ] 0.0.0.0 /cklDraw/api.php
INFO: [ app_begin ] --START--
INFO: ReadHtmlCache Behavior ::run [ RunTime:0.000885s ]
INFO: [ app_begin ] --END-- [ RunTime:0.000959s ]
NOTIC: [8] Undefined index:  HTTP_RAW_POST_DATA D:\WWW\cklDraw\Api\Lib\Action\IndexAction.class.php 第 15 行.
SQL: SHOW COLUMNS FROM `prize` [ RunTime:0.038852s ]
SQL: SELECT * FROM `prize`  [ RunTime:0.007785s ]

[ 2016-08-05T14:53:32+08:00 ] 0.0.0.0 /cklDraw/api.php
INFO: [ app_begin ] --START--
INFO: ReadHtmlCache Behavior ::run [ RunTime:0.000620s ]
INFO: [ app_begin ] --END-- [ RunTime:0.000694s ]
NOTIC: [8] Undefined index:  HTTP_RAW_POST_DATA D:\WWW\cklDraw\Api\Lib\Action\IndexAction.class.php 第 15 行.
SQL: SHOW COLUMNS FROM `prize` [ RunTime:0.013481s ]
SQL: SELECT * FROM `prize`  [ RunTime:0.005928s ]

[ 2016-08-05T14:53:34+08:00 ] 0.0.0.0 /cklDraw/api.php
INFO: [ app_begin ] --START--
INFO: ReadHtmlCache Behavior ::run [ RunTime:0.000992s ]
INFO: [ app_begin ] --END-- [ RunTime:0.001116s ]
NOTIC: [8] Undefined index:  HTTP_RAW_POST_DATA D:\WWW\cklDraw\Api\Lib\Action\IndexAction.class.php 第 15 行.
SQL: SHOW COLUMNS FROM `prize` [ RunTime:0.009718s ]
SQL: SELECT * FROM `prize`  [ RunTime:0.003838s ]

[ 2016-08-05T14:53:36+08:00 ] 0.0.0.0 /cklDraw/api.php
INFO: [ app_begin ] --START--
INFO: ReadHtmlCache Behavior ::run [ RunTime:0.000839s ]
INFO: [ app_begin ] --END-- [ RunTime:0.000943s ]
NOTIC: [8] Undefined index:  HTTP_RAW_POST_DATA D:\WWW\cklDraw\Api\Lib\Action\IndexAction.class.php 第 15 行.
SQL: SHOW COLUMNS FROM `prize` [ RunTime:0.008047s ]
SQL: SELECT * FROM `prize`  [ RunTime:0.003905s ]

[ 2016-08-05T14:53:38+08:00 ] 0.0.0.0 /cklDraw/api.php
INFO: [ app_begin ] --START--
INFO: ReadHtmlCache Behavior ::run [ RunTime:0.000595s ]
INFO: [ app_begin ] --END-- [ RunTime:0.000665s ]
NOTIC: [8] Undefined index:  HTTP_RAW_POST_DATA D:\WWW\cklDraw\Api\Lib\Action\IndexAction.class.php 第 15 行.
SQL: SHOW COLUMNS FROM `prize` [ RunTime:0.012230s ]
SQL: SELECT * FROM `prize`  [ RunTime:0.003990s ]

[ 2016-08-05T14:53:40+08:00 ] 0.0.0.0 /cklDraw/api.php
INFO: [ app_begin ] --START--
INFO: ReadHtmlCache Behavior ::run [ RunTime:0.000565s ]
INFO: [ app_begin ] --END-- [ RunTime:0.000627s ]
NOTIC: [8] Undefined index:  HTTP_RAW_POST_DATA D:\WWW\cklDraw\Api\Lib\Action\IndexAction.class.php 第 15 行.
SQL: SHOW COLUMNS FROM `prize` [ RunTime:0.012151s ]
SQL: SELECT * FROM `prize`  [ RunTime:0.014890s ]

[ 2016-08-05T14:53:42+08:00 ] 0.0.0.0 /cklDraw/api.php
INFO: [ app_begin ] --START--
INFO: ReadHtmlCache Behavior ::run [ RunTime:0.000805s ]
INFO: [ app_begin ] --END-- [ RunTime:0.000934s ]
NOTIC: [8] Undefined index:  HTTP_RAW_POST_DATA D:\WWW\cklDraw\Api\Lib\Action\IndexAction.class.php 第 15 行.
SQL: SHOW COLUMNS FROM `prize` [ RunTime:0.009195s ]
SQL: SELECT * FROM `prize`  [ RunTime:0.005482s ]

[ 2016-08-05T14:55:01+08:00 ] 0.0.0.0 /cklDraw/api.php
INFO: [ app_begin ] --START--
INFO: ReadHtmlCache Behavior ::run [ RunTime:0.001066s ]
INFO: [ app_begin ] --END-- [ RunTime:0.001179s ]
NOTIC: [8] Undefined index:  HTTP_RAW_POST_DATA D:\WWW\cklDraw\Api\Lib\Action\IndexAction.class.php 第 15 行.
SQL: SHOW COLUMNS FROM `prize` [ RunTime:0.117120s ]
SQL: SELECT * FROM `prize`  [ RunTime:0.139379s ]

[ 2016-08-05T14:55:02+08:00 ] 0.0.0.0 /cklDraw/api.php
INFO: [ app_begin ] --START--
INFO: ReadHtmlCache Behavior ::run [ RunTime:0.000861s ]
INFO: [ app_begin ] --END-- [ RunTime:0.000979s ]
NOTIC: [8] Undefined index:  HTTP_RAW_POST_DATA D:\WWW\cklDraw\Api\Lib\Action\IndexAction.class.php 第 15 行.
SQL: SHOW COLUMNS FROM `prize` [ RunTime:0.034597s ]
SQL: SELECT * FROM `prize`  [ RunTime:0.005153s ]

[ 2016-08-05T14:55:04+08:00 ] 0.0.0.0 /cklDraw/api.php
INFO: [ app_begin ] --START--
INFO: ReadHtmlCache Behavior ::run [ RunTime:0.000622s ]
INFO: [ app_begin ] --END-- [ RunTime:0.000690s ]
NOTIC: [8] Undefined index:  HTTP_RAW_POST_DATA D:\WWW\cklDraw\Api\Lib\Action\IndexAction.class.php 第 15 行.
SQL: SHOW COLUMNS FROM `prize` [ RunTime:0.008571s ]
SQL: SELECT * FROM `prize`  [ RunTime:0.017780s ]

[ 2016-08-05T14:55:06+08:00 ] 0.0.0.0 /cklDraw/api.php
INFO: [ app_begin ] --START--
INFO: ReadHtmlCache Behavior ::run [ RunTime:0.000720s ]
INFO: [ app_begin ] --END-- [ RunTime:0.000805s ]
NOTIC: [8] Undefined index:  HTTP_RAW_POST_DATA D:\WWW\cklDraw\Api\Lib\Action\IndexAction.class.php 第 15 行.
SQL: SHOW COLUMNS FROM `prize` [ RunTime:0.071662s ]
SQL: SELECT * FROM `prize`  [ RunTime:0.016573s ]

[ 2016-08-05T14:55:15+08:00 ] 0.0.0.0 /cklDraw/api.php
INFO: [ app_begin ] --START--
INFO: ReadHtmlCache Behavior ::run [ RunTime:0.000647s ]
INFO: [ app_begin ] --END-- [ RunTime:0.000726s ]
NOTIC: [8] Undefined index:  HTTP_RAW_POST_DATA D:\WWW\cklDraw\Api\Lib\Action\IndexAction.class.php 第 15 行.
SQL: SHOW COLUMNS FROM `prize` [ RunTime:0.015095s ]
SQL: SELECT * FROM `prize`  [ RunTime:0.012228s ]

[ 2016-08-05T14:55:21+08:00 ] 0.0.0.0 /cklDraw/api.php
INFO: [ app_begin ] --START--
INFO: ReadHtmlCache Behavior ::run [ RunTime:0.001022s ]
INFO: [ app_begin ] --END-- [ RunTime:0.001107s ]
NOTIC: [8] Undefined index:  HTTP_RAW_POST_DATA D:\WWW\cklDraw\Api\Lib\Action\IndexAction.class.php 第 15 行.
SQL: SHOW COLUMNS FROM `prize` [ RunTime:0.008141s ]
SQL: SELECT * FROM `prize`  [ RunTime:0.005064s ]

[ 2016-08-05T14:55:26+08:00 ] 0.0.0.0 /cklDraw/api.php
INFO: [ app_begin ] --START--
INFO: ReadHtmlCache Behavior ::run [ RunTime:0.000529s ]
INFO: [ app_begin ] --END-- [ RunTime:0.000617s ]
NOTIC: [8] Undefined index:  HTTP_RAW_POST_DATA D:\WWW\cklDraw\Api\Lib\Action\IndexAction.class.php 第 15 行.
SQL: SHOW COLUMNS FROM `prize` [ RunTime:0.014578s ]
SQL: SELECT * FROM `prize`  [ RunTime:0.014463s ]

[ 2016-08-05T14:55:28+08:00 ] 0.0.0.0 /cklDraw/api.php
INFO: [ app_begin ] --START--
INFO: ReadHtmlCache Behavior ::run [ RunTime:0.000971s ]
INFO: [ app_begin ] --END-- [ RunTime:0.001098s ]
NOTIC: [8] Undefined index:  HTTP_RAW_POST_DATA D:\WWW\cklDraw\Api\Lib\Action\IndexAction.class.php 第 15 行.
SQL: SHOW COLUMNS FROM `prize` [ RunTime:0.028525s ]
SQL: SELECT * FROM `prize`  [ RunTime:0.017456s ]

[ 2016-08-05T14:55:30+08:00 ] 0.0.0.0 /cklDraw/api.php
INFO: [ app_begin ] --START--
INFO: ReadHtmlCache Behavior ::run [ RunTime:0.001082s ]
INFO: [ app_begin ] --END-- [ RunTime:0.001156s ]
NOTIC: [8] Undefined index:  HTTP_RAW_POST_DATA D:\WWW\cklDraw\Api\Lib\Action\IndexAction.class.php 第 15 行.
SQL: SHOW COLUMNS FROM `prize` [ RunTime:0.008625s ]
SQL: SELECT * FROM `prize`  [ RunTime:0.010404s ]

[ 2016-08-05T14:55:32+08:00 ] 0.0.0.0 /cklDraw/api.php
INFO: [ app_begin ] --START--
INFO: ReadHtmlCache Behavior ::run [ RunTime:0.001224s ]
INFO: [ app_begin ] --END-- [ RunTime:0.001365s ]
NOTIC: [8] Undefined index:  HTTP_RAW_POST_DATA D:\WWW\cklDraw\Api\Lib\Action\IndexAction.class.php 第 15 行.
SQL: SHOW COLUMNS FROM `prize` [ RunTime:0.008540s ]
SQL: SELECT * FROM `prize`  [ RunTime:0.003903s ]

[ 2016-08-05T14:55:34+08:00 ] 0.0.0.0 /cklDraw/api.php
INFO: [ app_begin ] --START--
INFO: ReadHtmlCache Behavior ::run [ RunTime:0.001041s ]
INFO: [ app_begin ] --END-- [ RunTime:0.001177s ]
NOTIC: [8] Undefined index:  HTTP_RAW_POST_DATA D:\WWW\cklDraw\Api\Lib\Action\IndexAction.class.php 第 15 行.
SQL: SHOW COLUMNS FROM `prize` [ RunTime:0.036945s ]
SQL: SELECT * FROM `prize`  [ RunTime:0.006919s ]

[ 2016-08-05T15:03:09+08:00 ] 0.0.0.0 /cklDraw/api.php
INFO: [ app_begin ] --START--
INFO: ReadHtmlCache Behavior ::run [ RunTime:0.001397s ]
INFO: [ app_begin ] --END-- [ RunTime:0.001495s ]
NOTIC: [8] Undefined index:  HTTP_RAW_POST_DATA D:\WWW\cklDraw\Api\Lib\Action\IndexAction.class.php 第 15 行.
SQL: SHOW COLUMNS FROM `prize` [ RunTime:0.007802s ]
SQL: SELECT * FROM `prize`  [ RunTime:0.004398s ]
SQL: SHOW COLUMNS FROM `result` [ RunTime:0.010436s ]

[ 2016-08-05T15:03:17+08:00 ] 0.0.0.0 /cklDraw/api.php
INFO: [ app_begin ] --START--
INFO: ReadHtmlCache Behavior ::run [ RunTime:0.001023s ]
INFO: [ app_begin ] --END-- [ RunTime:0.001142s ]
NOTIC: [8] Undefined index:  HTTP_RAW_POST_DATA D:\WWW\cklDraw\Api\Lib\Action\IndexAction.class.php 第 15 行.
SQL: SHOW COLUMNS FROM `prize` [ RunTime:0.007385s ]
SQL: SELECT * FROM `prize`  [ RunTime:0.003759s ]
SQL: SHOW COLUMNS FROM `result` [ RunTime:0.006940s ]

[ 2016-08-05T15:03:50+08:00 ] 0.0.0.0 /cklDraw/api.php
INFO: [ app_begin ] --START--
INFO: ReadHtmlCache Behavior ::run [ RunTime:0.000598s ]
INFO: [ app_begin ] --END-- [ RunTime:0.000666s ]
NOTIC: [8] Undefined index:  HTTP_RAW_POST_DATA D:\WWW\cklDraw\Api\Lib\Action\IndexAction.class.php 第 15 行.
SQL: SHOW COLUMNS FROM `prize` [ RunTime:0.007863s ]
SQL: SELECT * FROM `prize`  [ RunTime:0.007396s ]
SQL: SHOW COLUMNS FROM `result` [ RunTime:0.008085s ]
SQL: INSERT INTO `result` (`order_no`,`prize_id`) VALUES ('22',6) [ RunTime:0.004169s ]

[ 2016-08-05T15:06:18+08:00 ] 0.0.0.0 /cklDraw/api.php
INFO: [ app_begin ] --START--
INFO: ReadHtmlCache Behavior ::run [ RunTime:0.000773s ]
INFO: [ app_begin ] --END-- [ RunTime:0.000851s ]
NOTIC: [8] Undefined index:  HTTP_RAW_POST_DATA D:\WWW\cklDraw\Api\Lib\Action\IndexAction.class.php 第 15 行.
SQL: SHOW COLUMNS FROM `prize` [ RunTime:0.052666s ]
SQL: SELECT * FROM `prize`  [ RunTime:0.004295s ]
SQL: SHOW COLUMNS FROM `result` [ RunTime:0.007922s ]
SQL: INSERT INTO `result` (`order_no`,`prize_id`,`create_time`) VALUES ('22',6,1470380778) [ RunTime:0.003021s ]

[ 2016-08-05T15:08:43+08:00 ] 0.0.0.0 /cklDraw/api.php
INFO: [ app_begin ] --START--
INFO: ReadHtmlCache Behavior ::run [ RunTime:0.001481s ]
INFO: [ app_begin ] --END-- [ RunTime:0.001596s ]
NOTIC: [8] Undefined index:  HTTP_RAW_POST_DATA D:\WWW\cklDraw\Api\Lib\Action\IndexAction.class.php 第 15 行.
SQL: SHOW COLUMNS FROM `prize` [ RunTime:0.010738s ]
SQL: SELECT * FROM `prize`  [ RunTime:0.004885s ]
SQL: SHOW COLUMNS FROM `result` [ RunTime:0.008177s ]
SQL: INSERT INTO `result` (`order_no`,`prize_id`,`create_time`) VALUES ('333',6,1470380923) [ RunTime:0.004122s ]

[ 2016-08-05T15:08:55+08:00 ] 0.0.0.0 /cklDraw/api.php
INFO: [ app_begin ] --START--
INFO: ReadHtmlCache Behavior ::run [ RunTime:0.000774s ]
INFO: [ app_begin ] --END-- [ RunTime:0.000872s ]
NOTIC: [8] Undefined index:  HTTP_RAW_POST_DATA D:\WWW\cklDraw\Api\Lib\Action\IndexAction.class.php 第 15 行.
SQL: SHOW COLUMNS FROM `prize` [ RunTime:0.008474s ]
SQL: SELECT * FROM `prize`  [ RunTime:0.004036s ]
SQL: SHOW COLUMNS FROM `result` [ RunTime:0.009695s ]
SQL: INSERT INTO `result` (`order_no`,`prize_id`,`create_time`) VALUES ('333',6,1470380935) [ RunTime:0.003245s ]

[ 2016-08-05T15:08:57+08:00 ] 0.0.0.0 /cklDraw/api.php
INFO: [ app_begin ] --START--
INFO: ReadHtmlCache Behavior ::run [ RunTime:0.000913s ]
INFO: [ app_begin ] --END-- [ RunTime:0.001011s ]
NOTIC: [8] Undefined index:  HTTP_RAW_POST_DATA D:\WWW\cklDraw\Api\Lib\Action\IndexAction.class.php 第 15 行.
SQL: SHOW COLUMNS FROM `prize` [ RunTime:0.012791s ]
SQL: SELECT * FROM `prize`  [ RunTime:0.007043s ]
SQL: SHOW COLUMNS FROM `result` [ RunTime:0.009154s ]
SQL: INSERT INTO `result` (`order_no`,`prize_id`,`create_time`) VALUES ('333',6,1470380937) [ RunTime:0.010395s ]

[ 2016-08-05T15:08:59+08:00 ] 0.0.0.0 /cklDraw/api.php
INFO: [ app_begin ] --START--
INFO: ReadHtmlCache Behavior ::run [ RunTime:0.001100s ]
INFO: [ app_begin ] --END-- [ RunTime:0.001231s ]
NOTIC: [8] Undefined index:  HTTP_RAW_POST_DATA D:\WWW\cklDraw\Api\Lib\Action\IndexAction.class.php 第 15 行.
SQL: SHOW COLUMNS FROM `prize` [ RunTime:0.010058s ]
SQL: SELECT * FROM `prize`  [ RunTime:0.006709s ]
SQL: SHOW COLUMNS FROM `result` [ RunTime:0.009817s ]
SQL: INSERT INTO `result` (`order_no`,`prize_id`,`create_time`) VALUES ('333',6,1470380939) [ RunTime:0.003011s ]

[ 2016-08-05T15:09:02+08:00 ] 0.0.0.0 /cklDraw/api.php
INFO: [ app_begin ] --START--
INFO: ReadHtmlCache Behavior ::run [ RunTime:0.000509s ]
INFO: [ app_begin ] --END-- [ RunTime:0.000566s ]
NOTIC: [8] Undefined index:  HTTP_RAW_POST_DATA D:\WWW\cklDraw\Api\Lib\Action\IndexAction.class.php 第 15 行.
SQL: SHOW COLUMNS FROM `prize` [ RunTime:0.036032s ]
SQL: SELECT * FROM `prize`  [ RunTime:0.013846s ]
SQL: SHOW COLUMNS FROM `result` [ RunTime:0.014688s ]
SQL: INSERT INTO `result` (`order_no`,`prize_id`,`create_time`) VALUES ('333',6,1470380942) [ RunTime:0.003151s ]

[ 2016-08-05T15:09:06+08:00 ] 0.0.0.0 /cklDraw/api.php
INFO: [ app_begin ] --START--
INFO: ReadHtmlCache Behavior ::run [ RunTime:0.000617s ]
INFO: [ app_begin ] --END-- [ RunTime:0.000683s ]
NOTIC: [8] Undefined index:  HTTP_RAW_POST_DATA D:\WWW\cklDraw\Api\Lib\Action\IndexAction.class.php 第 15 行.
SQL: SHOW COLUMNS FROM `prize` [ RunTime:0.146028s ]
SQL: SELECT * FROM `prize`  [ RunTime:0.028700s ]
SQL: SHOW COLUMNS FROM `result` [ RunTime:0.297562s ]
SQL: INSERT INTO `result` (`order_no`,`prize_id`,`create_time`) VALUES ('333',6,1470380945) [ RunTime:0.235769s ]

[ 2016-08-05T15:10:39+08:00 ] 0.0.0.0 /cklDraw/api.php
INFO: [ app_begin ] --START--
INFO: ReadHtmlCache Behavior ::run [ RunTime:0.001158s ]
INFO: [ app_begin ] --END-- [ RunTime:0.001333s ]
NOTIC: [8] Undefined index:  HTTP_RAW_POST_DATA D:\WWW\cklDraw\Api\Lib\Action\IndexAction.class.php 第 15 行.
SQL: SHOW COLUMNS FROM `prize` [ RunTime:0.018823s ]
SQL: SELECT * FROM `prize`  [ RunTime:0.004474s ]
SQL: SHOW COLUMNS FROM `result` [ RunTime:0.007941s ]
SQL: INSERT INTO `result` (`order_no`,`prize_id`,`create_time`) VALUES ('333',6,1470381039) [ RunTime:0.004074s ]
SQL: SELECT * FROM `prize` WHERE ( `id` = 6 ) LIMIT 1   [ RunTime:0.009661s ]

[ 2016-08-05T15:10:41+08:00 ] 0.0.0.0 /cklDraw/api.php
INFO: [ app_begin ] --START--
INFO: ReadHtmlCache Behavior ::run [ RunTime:0.001006s ]
INFO: [ app_begin ] --END-- [ RunTime:0.001110s ]
NOTIC: [8] Undefined index:  HTTP_RAW_POST_DATA D:\WWW\cklDraw\Api\Lib\Action\IndexAction.class.php 第 15 行.
SQL: SHOW COLUMNS FROM `prize` [ RunTime:0.009727s ]
SQL: SELECT * FROM `prize`  [ RunTime:0.003681s ]
SQL: SHOW COLUMNS FROM `result` [ RunTime:0.009738s ]
SQL: INSERT INTO `result` (`order_no`,`prize_id`,`create_time`) VALUES ('333',6,1470381041) [ RunTime:0.018426s ]
SQL: SELECT * FROM `prize` WHERE ( `id` = 6 ) LIMIT 1   [ RunTime:0.005044s ]

[ 2016-08-05T15:10:44+08:00 ] 0.0.0.0 /cklDraw/api.php
INFO: [ app_begin ] --START--
INFO: ReadHtmlCache Behavior ::run [ RunTime:0.000675s ]
INFO: [ app_begin ] --END-- [ RunTime:0.000745s ]
NOTIC: [8] Undefined index:  HTTP_RAW_POST_DATA D:\WWW\cklDraw\Api\Lib\Action\IndexAction.class.php 第 15 行.
SQL: SHOW COLUMNS FROM `prize` [ RunTime:0.011658s ]
SQL: SELECT * FROM `prize`  [ RunTime:0.004000s ]
SQL: SHOW COLUMNS FROM `result` [ RunTime:0.008849s ]
SQL: INSERT INTO `result` (`order_no`,`prize_id`,`create_time`) VALUES ('333',6,1470381044) [ RunTime:0.003539s ]
SQL: SELECT * FROM `prize` WHERE ( `id` = 6 ) LIMIT 1   [ RunTime:0.004697s ]

[ 2016-08-05T15:13:33+08:00 ] 0.0.0.0 /cklDraw/api.php
INFO: [ app_begin ] --START--
INFO: ReadHtmlCache Behavior ::run [ RunTime:0.002467s ]
INFO: [ app_begin ] --END-- [ RunTime:0.002724s ]
NOTIC: [8] Undefined index:  HTTP_RAW_POST_DATA D:\WWW\cklDraw\Api\Lib\Action\IndexAction.class.php 第 15 行.
SQL: SHOW COLUMNS FROM `result` [ RunTime:0.011382s ]
SQL: SELECT COUNT(*) AS tp_count FROM `result` WHERE ( order_no=333 ) LIMIT 1   [ RunTime:0.003321s ]

[ 2016-08-05T15:13:38+08:00 ] 0.0.0.0 /cklDraw/api.php
INFO: [ app_begin ] --START--
INFO: ReadHtmlCache Behavior ::run [ RunTime:0.000726s ]
INFO: [ app_begin ] --END-- [ RunTime:0.000827s ]
NOTIC: [8] Undefined index:  HTTP_RAW_POST_DATA D:\WWW\cklDraw\Api\Lib\Action\IndexAction.class.php 第 15 行.
SQL: SHOW COLUMNS FROM `result` [ RunTime:0.012167s ]
SQL: SELECT COUNT(*) AS tp_count FROM `result` WHERE ( order_no=333 ) LIMIT 1   [ RunTime:0.003390s ]

[ 2016-08-05T15:13:47+08:00 ] 0.0.0.0 /cklDraw/api.php
INFO: [ app_begin ] --START--
INFO: ReadHtmlCache Behavior ::run [ RunTime:0.000716s ]
INFO: [ app_begin ] --END-- [ RunTime:0.000787s ]
NOTIC: [8] Undefined index:  HTTP_RAW_POST_DATA D:\WWW\cklDraw\Api\Lib\Action\IndexAction.class.php 第 15 行.
SQL: SHOW COLUMNS FROM `result` [ RunTime:0.011075s ]
SQL: SELECT COUNT(*) AS tp_count FROM `result` WHERE ( order_no=333 ) LIMIT 1   [ RunTime:0.028193s ]

[ 2016-08-05T15:13:52+08:00 ] 0.0.0.0 /cklDraw/api.php
INFO: [ app_begin ] --START--
INFO: ReadHtmlCache Behavior ::run [ RunTime:0.000616s ]
INFO: [ app_begin ] --END-- [ RunTime:0.000686s ]
NOTIC: [8] Undefined index:  HTTP_RAW_POST_DATA D:\WWW\cklDraw\Api\Lib\Action\IndexAction.class.php 第 15 行.
SQL: SHOW COLUMNS FROM `result` [ RunTime:0.008781s ]
SQL: SELECT COUNT(*) AS tp_count FROM `result` WHERE ( order_no=333 ) LIMIT 1   [ RunTime:0.003406s ]

[ 2016-08-05T15:13:59+08:00 ] 0.0.0.0 /cklDraw/api.php
INFO: [ app_begin ] --START--
INFO: ReadHtmlCache Behavior ::run [ RunTime:0.000544s ]
INFO: [ app_begin ] --END-- [ RunTime:0.000605s ]
NOTIC: [8] Undefined index:  HTTP_RAW_POST_DATA D:\WWW\cklDraw\Api\Lib\Action\IndexAction.class.php 第 15 行.
SQL: SHOW COLUMNS FROM `result` [ RunTime:0.013540s ]
SQL: SELECT COUNT(*) AS tp_count FROM `result` WHERE ( order_no=333 ) LIMIT 1   [ RunTime:0.005332s ]

[ 2016-08-05T15:14:33+08:00 ] 0.0.0.0 /cklDraw/api.php
INFO: [ app_begin ] --START--
INFO: ReadHtmlCache Behavior ::run [ RunTime:0.001001s ]
INFO: [ app_begin ] --END-- [ RunTime:0.001080s ]
NOTIC: [8] Undefined index:  HTTP_RAW_POST_DATA D:\WWW\cklDraw\Api\Lib\Action\IndexAction.class.php 第 15 行.
SQL: SHOW COLUMNS FROM `result` [ RunTime:0.019820s ]
SQL: SELECT COUNT(*) AS tp_count FROM `result` WHERE ( order_no=111 ) LIMIT 1   [ RunTime:0.020233s ]
SQL: SHOW COLUMNS FROM `prize` [ RunTime:0.015276s ]
SQL: SELECT * FROM `prize`  [ RunTime:0.004537s ]
SQL: INSERT INTO `result` (`order_no`,`prize_id`,`create_time`) VALUES ('111',6,1470381273) [ RunTime:0.013927s ]
SQL: SELECT * FROM `prize` WHERE ( `id` = 6 ) LIMIT 1   [ RunTime:0.006937s ]
SQL: UPDATE `prize` SET `used_count`=1 WHERE ( id=6 ) [ RunTime:0.003404s ]

[ 2016-08-05T15:14:35+08:00 ] 0.0.0.0 /cklDraw/api.php
INFO: [ app_begin ] --START--
INFO: ReadHtmlCache Behavior ::run [ RunTime:0.000995s ]
INFO: [ app_begin ] --END-- [ RunTime:0.001118s ]
NOTIC: [8] Undefined index:  HTTP_RAW_POST_DATA D:\WWW\cklDraw\Api\Lib\Action\IndexAction.class.php 第 15 行.
SQL: SHOW COLUMNS FROM `result` [ RunTime:0.042334s ]
SQL: SELECT COUNT(*) AS tp_count FROM `result` WHERE ( order_no=111 ) LIMIT 1   [ RunTime:0.023127s ]

[ 2016-08-05T15:18:14+08:00 ] 0.0.0.0 /cklDraw/api.php
INFO: [ app_begin ] --START--
INFO: ReadHtmlCache Behavior ::run [ RunTime:0.001474s ]
INFO: [ app_begin ] --END-- [ RunTime:0.001602s ]
NOTIC: [8] Undefined index:  HTTP_RAW_POST_DATA D:\WWW\cklDraw\Api\Lib\Action\IndexAction.class.php 第 15 行.
SQL: SHOW COLUMNS FROM `result` [ RunTime:0.008038s ]
SQL: SELECT COUNT(*) AS tp_count FROM `result` WHERE ( order_no=111 ) LIMIT 1   [ RunTime:0.003215s ]

[ 2016-08-05T15:18:18+08:00 ] 0.0.0.0 /cklDraw/api.php
INFO: [ app_begin ] --START--
INFO: ReadHtmlCache Behavior ::run [ RunTime:0.000921s ]
INFO: [ app_begin ] --END-- [ RunTime:0.001030s ]
NOTIC: [8] Undefined index:  HTTP_RAW_POST_DATA D:\WWW\cklDraw\Api\Lib\Action\IndexAction.class.php 第 15 行.
SQL: SHOW COLUMNS FROM `result` [ RunTime:0.008399s ]
SQL: SELECT COUNT(*) AS tp_count FROM `result` WHERE ( order_no=1112 ) LIMIT 1   [ RunTime:0.003345s ]
SQL: SHOW COLUMNS FROM `prize` [ RunTime:0.006560s ]
SQL: SELECT * FROM `prize`  [ RunTime:0.004794s ]
SQL: INSERT INTO `result` (`order_no`,`prize_id`,`create_time`) VALUES ('1112',6,1470381498) [ RunTime:0.005547s ]
SQL: SELECT * FROM `prize` WHERE ( `id` = 6 ) LIMIT 1   [ RunTime:0.005088s ]
SQL: UPDATE `prize` SET `used_count`=2 WHERE ( id=6 ) [ RunTime:0.004577s ]

[ 2016-08-05T15:18:21+08:00 ] 0.0.0.0 /cklDraw/api.php
INFO: [ app_begin ] --START--
INFO: ReadHtmlCache Behavior ::run [ RunTime:0.001071s ]
INFO: [ app_begin ] --END-- [ RunTime:0.001189s ]
NOTIC: [8] Undefined index:  HTTP_RAW_POST_DATA D:\WWW\cklDraw\Api\Lib\Action\IndexAction.class.php 第 15 行.
SQL: SHOW COLUMNS FROM `result` [ RunTime:0.009618s ]
SQL: SELECT COUNT(*) AS tp_count FROM `result` WHERE ( order_no=222 ) LIMIT 1   [ RunTime:0.005407s ]
SQL: SHOW COLUMNS FROM `prize` [ RunTime:0.008068s ]
SQL: SELECT * FROM `prize`  [ RunTime:0.008212s ]
SQL: INSERT INTO `result` (`order_no`,`prize_id`,`create_time`) VALUES ('222',6,1470381501) [ RunTime:0.003277s ]
SQL: SELECT * FROM `prize` WHERE ( `id` = 6 ) LIMIT 1   [ RunTime:0.003939s ]
SQL: UPDATE `prize` SET `used_count`=3 WHERE ( id=6 ) [ RunTime:0.003365s ]

[ 2016-08-05T15:18:24+08:00 ] 0.0.0.0 /cklDraw/api.php
INFO: [ app_begin ] --START--
INFO: ReadHtmlCache Behavior ::run [ RunTime:0.000872s ]
INFO: [ app_begin ] --END-- [ RunTime:0.000970s ]
NOTIC: [8] Undefined index:  HTTP_RAW_POST_DATA D:\WWW\cklDraw\Api\Lib\Action\IndexAction.class.php 第 15 行.
SQL: SHOW COLUMNS FROM `result` [ RunTime:0.005789s ]
SQL: SELECT COUNT(*) AS tp_count FROM `result` WHERE ( order_no=11 ) LIMIT 1   [ RunTime:0.003538s ]
SQL: SHOW COLUMNS FROM `prize` [ RunTime:0.008639s ]
SQL: SELECT * FROM `prize`  [ RunTime:0.003816s ]
SQL: INSERT INTO `result` (`order_no`,`prize_id`,`create_time`) VALUES ('11',6,1470381504) [ RunTime:0.003591s ]
SQL: SELECT * FROM `prize` WHERE ( `id` = 6 ) LIMIT 1   [ RunTime:0.003914s ]
SQL: UPDATE `prize` SET `used_count`=4 WHERE ( id=6 ) [ RunTime:0.003148s ]

[ 2016-08-05T15:24:02+08:00 ] 0.0.0.0 /cklDraw/api.php
INFO: [ app_begin ] --START--
INFO: ReadHtmlCache Behavior ::run [ RunTime:0.001521s ]
INFO: [ app_begin ] --END-- [ RunTime:0.001647s ]
NOTIC: [8] Undefined index:  HTTP_RAW_POST_DATA D:\WWW\cklDraw\Api\Lib\Action\IndexAction.class.php 第 15 行.
SQL: SHOW COLUMNS FROM `result` [ RunTime:0.009437s ]
SQL: SELECT COUNT(*) AS tp_count FROM `result` WHERE ( order_no=3 ) LIMIT 1   [ RunTime:0.003801s ]
SQL: SHOW COLUMNS FROM `prize` [ RunTime:0.008449s ]
SQL: SELECT * FROM `prize`  [ RunTime:0.005902s ]
SQL: INSERT INTO `result` (`order_no`,`prize_id`,`create_time`) VALUES ('3',6,1470381842) [ RunTime:0.003599s ]
SQL: SELECT * FROM `prize` WHERE ( `id` = 6 ) LIMIT 1   [ RunTime:0.003306s ]
SQL: UPDATE `prize` SET `used_count`=5 WHERE ( id=6 ) [ RunTime:0.003339s ]

[ 2016-08-05T15:24:06+08:00 ] 0.0.0.0 /cklDraw/api.php
INFO: [ app_begin ] --START--
INFO: ReadHtmlCache Behavior ::run [ RunTime:0.001017s ]
INFO: [ app_begin ] --END-- [ RunTime:0.001133s ]
NOTIC: [8] Undefined index:  HTTP_RAW_POST_DATA D:\WWW\cklDraw\Api\Lib\Action\IndexAction.class.php 第 15 行.
SQL: SHOW COLUMNS FROM `result` [ RunTime:0.009141s ]
SQL: SELECT COUNT(*) AS tp_count FROM `result` WHERE ( order_no=1 ) LIMIT 1   [ RunTime:0.003220s ]
SQL: SHOW COLUMNS FROM `prize` [ RunTime:0.008095s ]
SQL: SELECT * FROM `prize`  [ RunTime:0.003673s ]
SQL: INSERT INTO `result` (`order_no`,`prize_id`,`create_time`) VALUES ('1',6,1470381846) [ RunTime:0.002925s ]
SQL: SELECT * FROM `prize` WHERE ( `id` = 6 ) LIMIT 1   [ RunTime:0.003076s ]
SQL: UPDATE `prize` SET `used_count`=6 WHERE ( id=6 ) [ RunTime:0.003855s ]

[ 2016-08-05T15:24:08+08:00 ] 0.0.0.0 /cklDraw/api.php
INFO: [ app_begin ] --START--
INFO: ReadHtmlCache Behavior ::run [ RunTime:0.001018s ]
INFO: [ app_begin ] --END-- [ RunTime:0.001152s ]
NOTIC: [8] Undefined index:  HTTP_RAW_POST_DATA D:\WWW\cklDraw\Api\Lib\Action\IndexAction.class.php 第 15 行.
SQL: SHOW COLUMNS FROM `result` [ RunTime:0.013261s ]
SQL: SELECT COUNT(*) AS tp_count FROM `result` WHERE ( order_no=1 ) LIMIT 1   [ RunTime:0.032734s ]

[ 2016-08-05T15:29:54+08:00 ] 0.0.0.0 /cklDraw/api.php
INFO: [ app_begin ] --START--
INFO: ReadHtmlCache Behavior ::run [ RunTime:0.005240s ]
INFO: [ app_begin ] --END-- [ RunTime:0.005496s ]
NOTIC: [8] Undefined index:  HTTP_RAW_POST_DATA D:\WWW\cklDraw\Api\Lib\Action\IndexAction.class.php 第 15 行.
SQL: SHOW COLUMNS FROM `result` [ RunTime:0.008996s ]
SQL: SELECT COUNT(*) AS tp_count FROM `result` WHERE ( order_no=122 ) LIMIT 1   [ RunTime:0.003279s ]
SQL: SHOW COLUMNS FROM `prize` [ RunTime:0.008720s ]
SQL: SELECT * FROM `prize`  [ RunTime:0.004217s ]
SQL: INSERT INTO `result` (`order_no`,`prize_id`,`create_time`) VALUES ('122',6,1470382194) [ RunTime:0.003120s ]
SQL: SELECT * FROM `prize` WHERE ( `id` = 6 ) LIMIT 1   [ RunTime:0.003772s ]
SQL: UPDATE `prize` SET `used_count`=7 WHERE ( id=6 ) [ RunTime:0.004915s ]

[ 2016-08-05T15:29:56+08:00 ] 0.0.0.0 /cklDraw/api.php
INFO: [ app_begin ] --START--
INFO: ReadHtmlCache Behavior ::run [ RunTime:0.000887s ]
INFO: [ app_begin ] --END-- [ RunTime:0.000997s ]
NOTIC: [8] Undefined index:  HTTP_RAW_POST_DATA D:\WWW\cklDraw\Api\Lib\Action\IndexAction.class.php 第 15 行.

[ 2016-08-05T15:29:58+08:00 ] 0.0.0.0 /cklDraw/api.php
INFO: [ app_begin ] --START--
INFO: ReadHtmlCache Behavior ::run [ RunTime:0.000978s ]
INFO: [ app_begin ] --END-- [ RunTime:0.001091s ]
NOTIC: [8] Undefined index:  HTTP_RAW_POST_DATA D:\WWW\cklDraw\Api\Lib\Action\IndexAction.class.php 第 15 行.

[ 2016-08-05T15:30:00+08:00 ] 0.0.0.0 /cklDraw/api.php
INFO: [ app_begin ] --START--
INFO: ReadHtmlCache Behavior ::run [ RunTime:0.000965s ]
INFO: [ app_begin ] --END-- [ RunTime:0.001088s ]
NOTIC: [8] Undefined index:  HTTP_RAW_POST_DATA D:\WWW\cklDraw\Api\Lib\Action\IndexAction.class.php 第 15 行.

[ 2016-08-05T15:30:02+08:00 ] 0.0.0.0 /cklDraw/api.php
INFO: [ app_begin ] --START--
INFO: ReadHtmlCache Behavior ::run [ RunTime:0.001035s ]
INFO: [ app_begin ] --END-- [ RunTime:0.001148s ]
NOTIC: [8] Undefined index:  HTTP_RAW_POST_DATA D:\WWW\cklDraw\Api\Lib\Action\IndexAction.class.php 第 15 行.

[ 2016-08-05T15:30:04+08:00 ] 0.0.0.0 /cklDraw/api.php
INFO: [ app_begin ] --START--
INFO: ReadHtmlCache Behavior ::run [ RunTime:0.001002s ]
INFO: [ app_begin ] --END-- [ RunTime:0.001119s ]
NOTIC: [8] Undefined index:  HTTP_RAW_POST_DATA D:\WWW\cklDraw\Api\Lib\Action\IndexAction.class.php 第 15 行.

[ 2016-08-05T15:32:12+08:00 ] 0.0.0.0 /cklDraw/api.php
INFO: [ app_begin ] --START--
INFO: ReadHtmlCache Behavior ::run [ RunTime:0.002555s ]
INFO: [ app_begin ] --END-- [ RunTime:0.002866s ]
NOTIC: [8] Undefined index:  HTTP_RAW_POST_DATA D:\WWW\cklDraw\Api\Lib\Action\IndexAction.class.php 第 15 行.

[ 2016-08-05T15:39:07+08:00 ] 192.168.1.128 /ckldraw/api.php
INFO: [ app_begin ] --START--
INFO: ReadHtmlCache Behavior ::run [ RunTime:0.001349s ]
INFO: [ app_begin ] --END-- [ RunTime:0.001464s ]
NOTIC: [8] Undefined index:  HTTP_RAW_POST_DATA D:\WWW\cklDraw\Api\Lib\Action\IndexAction.class.php 第 15 行.
SQL: SHOW COLUMNS FROM `result` [ RunTime:0.013688s ]
SQL: SELECT COUNT(*) AS tp_count FROM `result` WHERE ( order_no=12 ) LIMIT 1   [ RunTime:0.004266s ]
SQL: SHOW COLUMNS FROM `prize` [ RunTime:0.007792s ]
SQL: SELECT * FROM `prize`  [ RunTime:0.006566s ]
SQL: INSERT INTO `result` (`order_no`,`prize_id`,`create_time`) VALUES ('12',6,1470382746) [ RunTime:0.913453s ]
SQL: SELECT * FROM `prize` WHERE ( `id` = 6 ) LIMIT 1   [ RunTime:0.009543s ]
SQL: UPDATE `prize` SET `used_count`=8 WHERE ( id=6 ) [ RunTime:0.017002s ]

[ 2016-08-05T15:39:18+08:00 ] 192.168.1.128 /ckldraw/api.php
INFO: [ app_begin ] --START--
INFO: ReadHtmlCache Behavior ::run [ RunTime:0.000574s ]
INFO: [ app_begin ] --END-- [ RunTime:0.000642s ]
NOTIC: [8] Undefined index:  HTTP_RAW_POST_DATA D:\WWW\cklDraw\Api\Lib\Action\IndexAction.class.php 第 15 行.
SQL: SHOW COLUMNS FROM `result` [ RunTime:0.010870s ]
SQL: SELECT COUNT(*) AS tp_count FROM `result` WHERE ( order_no=12 ) LIMIT 1   [ RunTime:0.003151s ]

[ 2016-08-05T15:39:20+08:00 ] 192.168.1.128 /ckldraw/api.php
INFO: [ app_begin ] --START--
INFO: ReadHtmlCache Behavior ::run [ RunTime:0.000853s ]
INFO: [ app_begin ] --END-- [ RunTime:0.000951s ]
NOTIC: [8] Undefined index:  HTTP_RAW_POST_DATA D:\WWW\cklDraw\Api\Lib\Action\IndexAction.class.php 第 15 行.
SQL: SHOW COLUMNS FROM `result` [ RunTime:0.019833s ]
SQL: SELECT COUNT(*) AS tp_count FROM `result` WHERE ( order_no=12 ) LIMIT 1   [ RunTime:0.007168s ]

[ 2016-08-05T15:40:59+08:00 ] 192.168.1.128 /ckldraw/api.php
INFO: [ app_begin ] --START--
INFO: ReadHtmlCache Behavior ::run [ RunTime:0.000589s ]
INFO: [ app_begin ] --END-- [ RunTime:0.000661s ]
NOTIC: [8] Undefined index:  HTTP_RAW_POST_DATA D:\WWW\cklDraw\Api\Lib\Action\IndexAction.class.php 第 15 行.
SQL: SHOW COLUMNS FROM `result` [ RunTime:0.008668s ]
SQL: SELECT * FROM `result` WHERE ( order_no=12 ) LIMIT 1   [ RunTime:0.003939s ]
SQL: SHOW COLUMNS FROM `prize` [ RunTime:0.008476s ]
SQL: SELECT `title` FROM `prize` WHERE ( id=6 ) LIMIT 1   [ RunTime:0.003467s ]

[ 2016-08-05T15:41:01+08:00 ] 192.168.1.128 /ckldraw/api.php
INFO: [ app_begin ] --START--
INFO: ReadHtmlCache Behavior ::run [ RunTime:0.001540s ]
INFO: [ app_begin ] --END-- [ RunTime:0.001724s ]
NOTIC: [8] Undefined index:  HTTP_RAW_POST_DATA D:\WWW\cklDraw\Api\Lib\Action\IndexAction.class.php 第 15 行.
SQL: SHOW COLUMNS FROM `result` [ RunTime:0.006551s ]
SQL: SELECT * FROM `result` WHERE ( order_no=12 ) LIMIT 1   [ RunTime:0.003803s ]
SQL: SHOW COLUMNS FROM `prize` [ RunTime:0.008197s ]
SQL: SELECT `title` FROM `prize` WHERE ( id=6 ) LIMIT 1   [ RunTime:0.003548s ]

[ 2016-08-05T15:41:07+08:00 ] 192.168.1.128 /ckldraw/api.php
INFO: [ app_begin ] --START--
INFO: ReadHtmlCache Behavior ::run [ RunTime:0.001290s ]
INFO: [ app_begin ] --END-- [ RunTime:0.001401s ]
NOTIC: [8] Undefined index:  HTTP_RAW_POST_DATA D:\WWW\cklDraw\Api\Lib\Action\IndexAction.class.php 第 15 行.
SQL: SHOW COLUMNS FROM `result` [ RunTime:0.008254s ]
SQL: SELECT * FROM `result` WHERE ( order_no=32 ) LIMIT 1   [ RunTime:0.003675s ]
SQL: SHOW COLUMNS FROM `prize` [ RunTime:0.008549s ]
SQL: SELECT * FROM `prize`  [ RunTime:0.004004s ]
SQL: INSERT INTO `result` (`order_no`,`prize_id`,`create_time`) VALUES ('32',6,1470382867) [ RunTime:0.004230s ]
SQL: SELECT * FROM `prize` WHERE ( `id` = 6 ) LIMIT 1   [ RunTime:0.003452s ]
SQL: UPDATE `prize` SET `used_count`=9 WHERE ( id=6 ) [ RunTime:0.003356s ]

[ 2016-08-05T15:41:12+08:00 ] 192.168.1.128 /ckldraw/api.php
INFO: [ app_begin ] --START--
INFO: ReadHtmlCache Behavior ::run [ RunTime:0.001086s ]
INFO: [ app_begin ] --END-- [ RunTime:0.001187s ]
NOTIC: [8] Undefined index:  HTTP_RAW_POST_DATA D:\WWW\cklDraw\Api\Lib\Action\IndexAction.class.php 第 15 行.
SQL: SHOW COLUMNS FROM `result` [ RunTime:0.010354s ]
SQL: SELECT * FROM `result` WHERE ( order_no=222 ) LIMIT 1   [ RunTime:0.217059s ]
SQL: SHOW COLUMNS FROM `prize` [ RunTime:0.011684s ]
SQL: SELECT `title` FROM `prize` WHERE ( id=6 ) LIMIT 1   [ RunTime:0.050218s ]

[ 2016-08-05T15:45:02+08:00 ] 0.0.0.0 /cklDraw/api.php
INFO: [ app_begin ] --START--
INFO: ReadHtmlCache Behavior ::run [ RunTime:0.001971s ]
INFO: [ app_begin ] --END-- [ RunTime:0.002207s ]
NOTIC: [8] Undefined index:  HTTP_RAW_POST_DATA D:\WWW\cklDraw\Api\Lib\Action\IndexAction.class.php 第 15 行.
SQL: SHOW COLUMNS FROM `result` [ RunTime:0.014341s ]
SQL: SELECT * FROM `result` WHERE ( order_no=222 ) LIMIT 1   [ RunTime:0.003920s ]
SQL: SHOW COLUMNS FROM `prize` [ RunTime:0.165023s ]
SQL: SELECT `title` FROM `prize` WHERE ( id=6 ) LIMIT 1   [ RunTime:0.005168s ]

[ 2016-08-05T15:45:08+08:00 ] 0.0.0.0 /cklDraw/api.php
INFO: [ app_begin ] --START--
INFO: ReadHtmlCache Behavior ::run [ RunTime:0.000922s ]
INFO: [ app_begin ] --END-- [ RunTime:0.001034s ]
NOTIC: [8] Undefined index:  HTTP_RAW_POST_DATA D:\WWW\cklDraw\Api\Lib\Action\IndexAction.class.php 第 15 行.
SQL: SHOW COLUMNS FROM `result` [ RunTime:0.007133s ]
SQL: SELECT * FROM `result` WHERE ( order_no=333 ) LIMIT 1   [ RunTime:0.004089s ]
SQL: SHOW COLUMNS FROM `prize` [ RunTime:0.010553s ]
SQL: SELECT `title` FROM `prize` WHERE ( id=6 ) LIMIT 1   [ RunTime:0.004499s ]

[ 2016-08-05T15:50:26+08:00 ] 0.0.0.0 /cklDraw/api.php
INFO: [ app_begin ] --START--
INFO: ReadHtmlCache Behavior ::run [ RunTime:0.000926s ]
INFO: [ app_begin ] --END-- [ RunTime:0.001041s ]
NOTIC: [8] Undefined index:  HTTP_RAW_POST_DATA D:\WWW\cklDraw\Api\Lib\Action\IndexAction.class.php 第 15 行.
SQL: SHOW COLUMNS FROM `result` [ RunTime:0.010662s ]
SQL: SELECT * FROM `result` WHERE ( order_no=1123 ) LIMIT 1   [ RunTime:0.004829s ]
SQL: SHOW COLUMNS FROM `prize` [ RunTime:0.009280s ]
SQL: SELECT * FROM `prize`  [ RunTime:0.006037s ]
SQL: INSERT INTO `result` (`order_no`,`prize_id`,`create_time`) VALUES ('1123',6,1470383426) [ RunTime:0.004961s ]
SQL: SELECT * FROM `prize` WHERE ( `id` = 6 ) LIMIT 1   [ RunTime:0.004423s ]
SQL: UPDATE `prize` SET `used_count`=10 WHERE ( id=6 ) [ RunTime:0.004512s ]

[ 2016-08-05T15:50:53+08:00 ] 0.0.0.0 /cklDraw/api.php
INFO: [ app_begin ] --START--
INFO: ReadHtmlCache Behavior ::run [ RunTime:0.000897s ]
INFO: [ app_begin ] --END-- [ RunTime:0.001052s ]
NOTIC: [8] Undefined index:  HTTP_RAW_POST_DATA D:\WWW\cklDraw\Api\Lib\Action\IndexAction.class.php 第 15 行.
SQL: SHOW COLUMNS FROM `result` [ RunTime:0.010009s ]
SQL: SELECT * FROM `result` WHERE ( order_no=112322 ) LIMIT 1   [ RunTime:0.008539s ]
SQL: SHOW COLUMNS FROM `prize` [ RunTime:0.009544s ]
SQL: SELECT * FROM `prize`  [ RunTime:0.007746s ]
SQL: INSERT INTO `result` (`order_no`,`prize_id`,`create_time`) VALUES ('112322',6,1470383453) [ RunTime:0.011200s ]
SQL: SELECT * FROM `prize` WHERE ( `id` = 6 ) LIMIT 1   [ RunTime:0.007477s ]
SQL: UPDATE `prize` SET `used_count`=11 WHERE ( id=6 ) [ RunTime:0.012174s ]

[ 2016-08-05T15:51:00+08:00 ] 0.0.0.0 /cklDraw/api.php
INFO: [ app_begin ] --START--
INFO: ReadHtmlCache Behavior ::run [ RunTime:0.001052s ]
INFO: [ app_begin ] --END-- [ RunTime:0.001182s ]
NOTIC: [8] Undefined index:  HTTP_RAW_POST_DATA D:\WWW\cklDraw\Api\Lib\Action\IndexAction.class.php 第 15 行.
SQL: SHOW COLUMNS FROM `result` [ RunTime:0.010057s ]
SQL: SELECT * FROM `result` WHERE ( order_no=11232233 ) LIMIT 1   [ RunTime:0.018439s ]
SQL: SHOW COLUMNS FROM `prize` [ RunTime:0.014007s ]
SQL: SELECT * FROM `prize`  [ RunTime:0.010223s ]
SQL: INSERT INTO `result` (`order_no`,`prize_id`,`create_time`) VALUES ('11232233',6,1470383460) [ RunTime:0.012722s ]
SQL: SELECT * FROM `prize` WHERE ( `id` = 6 ) LIMIT 1   [ RunTime:0.005416s ]
SQL: UPDATE `prize` SET `used_count`=12 WHERE ( id=6 ) [ RunTime:0.004285s ]

[ 2016-08-05T15:51:08+08:00 ] 0.0.0.0 /cklDraw/api.php
INFO: [ app_begin ] --START--
INFO: ReadHtmlCache Behavior ::run [ RunTime:0.001061s ]
INFO: [ app_begin ] --END-- [ RunTime:0.001155s ]
NOTIC: [8] Undefined index:  HTTP_RAW_POST_DATA D:\WWW\cklDraw\Api\Lib\Action\IndexAction.class.php 第 15 行.
SQL: SHOW COLUMNS FROM `result` [ RunTime:0.008287s ]
SQL: SELECT * FROM `result` WHERE ( order_no=112322 ) LIMIT 1   [ RunTime:0.004009s ]
SQL: SHOW COLUMNS FROM `prize` [ RunTime:0.009576s ]
SQL: SELECT `title` FROM `prize` WHERE ( id=6 ) LIMIT 1   [ RunTime:0.003662s ]

[ 2016-08-05T15:51:12+08:00 ] 0.0.0.0 /cklDraw/api.php
INFO: [ app_begin ] --START--
INFO: ReadHtmlCache Behavior ::run [ RunTime:0.000851s ]
INFO: [ app_begin ] --END-- [ RunTime:0.000954s ]
NOTIC: [8] Undefined index:  HTTP_RAW_POST_DATA D:\WWW\cklDraw\Api\Lib\Action\IndexAction.class.php 第 15 行.
SQL: SHOW COLUMNS FROM `result` [ RunTime:0.017345s ]
SQL: SELECT * FROM `result` WHERE ( order_no=1 ) LIMIT 1   [ RunTime:0.005508s ]
SQL: SHOW COLUMNS FROM `prize` [ RunTime:0.008851s ]
SQL: SELECT `title` FROM `prize` WHERE ( id=6 ) LIMIT 1   [ RunTime:0.004301s ]

[ 2016-08-05T15:51:17+08:00 ] 0.0.0.0 /cklDraw/api.php
INFO: [ app_begin ] --START--
INFO: ReadHtmlCache Behavior ::run [ RunTime:0.001022s ]
INFO: [ app_begin ] --END-- [ RunTime:0.001139s ]
NOTIC: [8] Undefined index:  HTTP_RAW_POST_DATA D:\WWW\cklDraw\Api\Lib\Action\IndexAction.class.php 第 15 行.
SQL: SHOW COLUMNS FROM `result` [ RunTime:0.012679s ]
SQL: SELECT * FROM `result` WHERE ( order_no=12 ) LIMIT 1   [ RunTime:0.004004s ]
SQL: SHOW COLUMNS FROM `prize` [ RunTime:0.007010s ]
SQL: SELECT `title` FROM `prize` WHERE ( id=6 ) LIMIT 1   [ RunTime:0.004934s ]

[ 2016-08-05T15:51:19+08:00 ] 0.0.0.0 /cklDraw/api.php
INFO: [ app_begin ] --START--
INFO: ReadHtmlCache Behavior ::run [ RunTime:0.001090s ]
INFO: [ app_begin ] --END-- [ RunTime:0.001248s ]
NOTIC: [8] Undefined index:  HTTP_RAW_POST_DATA D:\WWW\cklDraw\Api\Lib\Action\IndexAction.class.php 第 15 行.
SQL: SHOW COLUMNS FROM `result` [ RunTime:0.012286s ]
SQL: SELECT * FROM `result` WHERE ( order_no=2 ) LIMIT 1   [ RunTime:0.005978s ]
SQL: SHOW COLUMNS FROM `prize` [ RunTime:0.032747s ]
SQL: SELECT * FROM `prize`  [ RunTime:0.017391s ]
SQL: INSERT INTO `result` (`order_no`,`prize_id`,`create_time`) VALUES ('2',5,1470383479) [ RunTime:0.004089s ]
SQL: SELECT * FROM `prize` WHERE ( `id` = 5 ) LIMIT 1   [ RunTime:0.003492s ]
SQL: UPDATE `prize` SET `used_count`=1 WHERE ( id=5 ) [ RunTime:0.023168s ]

[ 2016-08-05T15:59:45+08:00 ] 192.168.1.128 /ckldraw/api.php
INFO: [ app_begin ] --START--
INFO: ReadHtmlCache Behavior ::run [ RunTime:0.001268s ]
INFO: [ app_begin ] --END-- [ RunTime:0.001411s ]
NOTIC: [8] Undefined index:  HTTP_RAW_POST_DATA D:\WWW\cklDraw\Api\Lib\Action\IndexAction.class.php 第 15 行.
SQL: SHOW COLUMNS FROM `result` [ RunTime:0.009598s ]
SQL: SELECT * FROM `result` WHERE ( order_no=22 ) LIMIT 1   [ RunTime:0.007493s ]
SQL: SHOW COLUMNS FROM `prize` [ RunTime:0.009400s ]
SQL: SELECT `title` FROM `prize` WHERE ( id=6 ) LIMIT 1   [ RunTime:0.004772s ]

